ERROR - 2025-01-08 20:42:08 --> Error connecting to the database: mysqli_sql_exception: Aucune connexion n’a pu être établie car l’ordinateur cible l’a expressément refusée in C:\xampp25\htdocs\gestion_examen\system\Database\MySQLi\Connection.php:186
Stack trace:
#0 C:\xampp25\htdocs\gestion_examen\system\Database\MySQLi\Connection.php(186): mysqli->real_connect('localhost', 'root', Object(SensitiveParameterValue), 'gestion_examens', 3306, '', 0)
#1 C:\xampp25\htdocs\gestion_examen\system\Database\BaseConnection.php(421): CodeIgniter\Database\MySQLi\Connection->connect(false)
#2 C:\xampp25\htdocs\gestion_examen\system\Database\BaseConnection.php(616): CodeIgniter\Database\BaseConnection->initialize()
#3 C:\xampp25\htdocs\gestion_examen\system\Database\BaseBuilder.php(1644): CodeIgniter\Database\BaseConnection->query('SELECT *\nFROM `...', Array, false)
#4 C:\xampp25\htdocs\gestion_examen\system\Model.php(330): CodeIgniter\Database\BaseBuilder->get()
#5 C:\xampp25\htdocs\gestion_examen\system\BaseModel.php(714): CodeIgniter\Model->doFirst()
#6 C:\xampp25\htdocs\gestion_examen\app\Controllers\Login.php(25): CodeIgniter\BaseModel->first()
#7 C:\xampp25\htdocs\gestion_examen\system\CodeIgniter.php(933): App\Controllers\Login->authenticate()
#8 C:\xampp25\htdocs\gestion_examen\system\CodeIgniter.php(509): CodeIgniter\CodeIgniter->runController(Object(App\Controllers\Login))
#9 C:\xampp25\htdocs\gestion_examen\system\CodeIgniter.php(355): CodeIgniter\CodeIgniter->handleRequest(NULL, Object(Config\Cache), false)
#10 C:\xampp25\htdocs\gestion_examen\system\Boot.php(325): CodeIgniter\CodeIgniter->run()
#11 C:\xampp25\htdocs\gestion_examen\system\Boot.php(67): CodeIgniter\Boot::runCodeIgniter(Object(CodeIgniter\CodeIgniter))
#12 C:\xampp25\htdocs\gestion_examen\public\index.php(56): CodeIgniter\Boot::bootWeb(Object(Config\Paths))
#13 C:\xampp25\htdocs\gestion_examen\system\rewrite.php(44): require_once('C:\\xampp25\\htdo...')
#14 {main}

Next CodeIgniter\Database\Exceptions\DatabaseException: Aucune connexion n’a pu être établie car l’ordinateur cible l’a expressément refusée in C:\xampp25\htdocs\gestion_examen\system\Database\MySQLi\Connection.php:231
Stack trace:
#0 C:\xampp25\htdocs\gestion_examen\system\Database\BaseConnection.php(421): CodeIgniter\Database\MySQLi\Connection->connect(false)
#1 C:\xampp25\htdocs\gestion_examen\system\Database\BaseConnection.php(616): CodeIgniter\Database\BaseConnection->initialize()
#2 C:\xampp25\htdocs\gestion_examen\system\Database\BaseBuilder.php(1644): CodeIgniter\Database\BaseConnection->query('SELECT *\nFROM `...', Array, false)
#3 C:\xampp25\htdocs\gestion_examen\system\Model.php(330): CodeIgniter\Database\BaseBuilder->get()
#4 C:\xampp25\htdocs\gestion_examen\system\BaseModel.php(714): CodeIgniter\Model->doFirst()
#5 C:\xampp25\htdocs\gestion_examen\app\Controllers\Login.php(25): CodeIgniter\BaseModel->first()
#6 C:\xampp25\htdocs\gestion_examen\system\CodeIgniter.php(933): App\Controllers\Login->authenticate()
#7 C:\xampp25\htdocs\gestion_examen\system\CodeIgniter.php(509): CodeIgniter\CodeIgniter->runController(Object(App\Controllers\Login))
#8 C:\xampp25\htdocs\gestion_examen\system\CodeIgniter.php(355): CodeIgniter\CodeIgniter->handleRequest(NULL, Object(Config\Cache), false)
#9 C:\xampp25\htdocs\gestion_examen\system\Boot.php(325): CodeIgniter\CodeIgniter->run()
#10 C:\xampp25\htdocs\gestion_examen\system\Boot.php(67): CodeIgniter\Boot::runCodeIgniter(Object(CodeIgniter\CodeIgniter))
#11 C:\xampp25\htdocs\gestion_examen\public\index.php(56): CodeIgniter\Boot::bootWeb(Object(Config\Paths))
#12 C:\xampp25\htdocs\gestion_examen\system\rewrite.php(44): require_once('C:\\xampp25\\htdo...')
#13 {main}
CRITICAL - 2025-01-08 20:42:08 --> CodeIgniter\Database\Exceptions\DatabaseException: Unable to connect to the database.
Main connection [MySQLi]: Aucune connexion n’a pu être établie car l’ordinateur cible l’a expressément refusée
[Method: POST, Route: Login/authenticate]
in SYSTEMPATH\Database\BaseConnection.php on line 467.
 1 SYSTEMPATH\Database\BaseConnection.php(616): CodeIgniter\Database\BaseConnection->initialize()
 2 SYSTEMPATH\Database\BaseBuilder.php(1644): CodeIgniter\Database\BaseConnection->query('SELECT *
FROM `comptes`
WHERE `username` = :username:
 LIMIT 1', [...], false)
 3 SYSTEMPATH\Model.php(330): CodeIgniter\Database\BaseBuilder->get()
 4 SYSTEMPATH\BaseModel.php(714): CodeIgniter\Model->doFirst()
 5 APPPATH\Controllers\Login.php(25): CodeIgniter\BaseModel->first()
 6 SYSTEMPATH\CodeIgniter.php(933): App\Controllers\Login->authenticate()
 7 SYSTEMPATH\CodeIgniter.php(509): CodeIgniter\CodeIgniter->runController(Object(App\Controllers\Login))
 8 SYSTEMPATH\CodeIgniter.php(355): CodeIgniter\CodeIgniter->handleRequest(null, Object(Config\Cache), false)
 9 SYSTEMPATH\Boot.php(325): CodeIgniter\CodeIgniter->run()
10 SYSTEMPATH\Boot.php(67): CodeIgniter\Boot::runCodeIgniter(Object(CodeIgniter\CodeIgniter))
11 FCPATH\index.php(56): CodeIgniter\Boot::bootWeb(Object(Config\Paths))
12 SYSTEMPATH\rewrite.php(44): require_once('C:\\xampp25\\htdocs\\gestion_examen\\public\\index.php')
ERROR - 2025-01-08 20:42:23 --> mysqli_sql_exception: Table 'gestion_examens.module' doesn't exist in C:\xampp25\htdocs\gestion_examen\system\Database\MySQLi\Connection.php:312
Stack trace:
#0 C:\xampp25\htdocs\gestion_examen\system\Database\MySQLi\Connection.php(312): mysqli->query('SELECT `module`...', 0)
#1 C:\xampp25\htdocs\gestion_examen\system\Database\BaseConnection.php(734): CodeIgniter\Database\MySQLi\Connection->execute('SELECT `module`...')
#2 C:\xampp25\htdocs\gestion_examen\system\Database\BaseConnection.php(648): CodeIgniter\Database\BaseConnection->simpleQuery('SELECT `module`...')
#3 C:\xampp25\htdocs\gestion_examen\system\Database\BaseBuilder.php(1644): CodeIgniter\Database\BaseConnection->query('SELECT `module`...', Array, false)
#4 C:\xampp25\htdocs\gestion_examen\app\Models\ModuleModel.php(20): CodeIgniter\Database\BaseBuilder->get()
#5 C:\xampp25\htdocs\gestion_examen\app\Controllers\Modules.php(23): App\Models\ModuleModel->getModules()
#6 C:\xampp25\htdocs\gestion_examen\system\CodeIgniter.php(933): App\Controllers\Modules->index()
#7 C:\xampp25\htdocs\gestion_examen\system\CodeIgniter.php(509): CodeIgniter\CodeIgniter->runController(Object(App\Controllers\Modules))
#8 C:\xampp25\htdocs\gestion_examen\system\CodeIgniter.php(355): CodeIgniter\CodeIgniter->handleRequest(NULL, Object(Config\Cache), false)
#9 C:\xampp25\htdocs\gestion_examen\system\Boot.php(325): CodeIgniter\CodeIgniter->run()
#10 C:\xampp25\htdocs\gestion_examen\system\Boot.php(67): CodeIgniter\Boot::runCodeIgniter(Object(CodeIgniter\CodeIgniter))
#11 C:\xampp25\htdocs\gestion_examen\public\index.php(56): CodeIgniter\Boot::bootWeb(Object(Config\Paths))
#12 C:\xampp25\htdocs\gestion_examen\system\rewrite.php(44): require_once('C:\\xampp25\\htdo...')
#13 {main}
CRITICAL - 2025-01-08 20:42:23 --> CodeIgniter\Database\Exceptions\DatabaseException: Table 'gestion_examens.module' doesn't exist
[Method: GET, Route: admin/modules]
in SYSTEMPATH\Database\BaseConnection.php on line 688.
 1 SYSTEMPATH\Database\BaseBuilder.php(1644): CodeIgniter\Database\BaseConnection->query('SELECT `module`.`id` AS `module_id`, `module`.`name` AS `module_name`, `module`.`description`, `users`.`nom` AS `professeur_nom`, `users`.`prenom` AS `professeur_prenom`, `filiere`.`name` AS `filiere_name`
FROM `module`
JOIN `users` ON `users`.`id` = `module`.`professeur_id`
JOIN `filiere_module` ON `filiere_module`.`module_id` = `module`.`id`
JOIN `filiere` ON `filiere`.`id` = `filiere_module`.`filiere_id`', [], false)
 2 APPPATH\Models\ModuleModel.php(20): CodeIgniter\Database\BaseBuilder->get()
 3 APPPATH\Controllers\Modules.php(23): App\Models\ModuleModel->getModules()
 4 SYSTEMPATH\CodeIgniter.php(933): App\Controllers\Modules->index()
 5 SYSTEMPATH\CodeIgniter.php(509): CodeIgniter\CodeIgniter->runController(Object(App\Controllers\Modules))
 6 SYSTEMPATH\CodeIgniter.php(355): CodeIgniter\CodeIgniter->handleRequest(null, Object(Config\Cache), false)
 7 SYSTEMPATH\Boot.php(325): CodeIgniter\CodeIgniter->run()
 8 SYSTEMPATH\Boot.php(67): CodeIgniter\Boot::runCodeIgniter(Object(CodeIgniter\CodeIgniter))
 9 FCPATH\index.php(56): CodeIgniter\Boot::bootWeb(Object(Config\Paths))
10 SYSTEMPATH\rewrite.php(44): require_once('C:\\xampp25\\htdocs\\gestion_examen\\public\\index.php')
CRITICAL - 2025-01-08 20:42:23 --> [Caused by] CodeIgniter\Database\Exceptions\DatabaseException: Table 'gestion_examens.module' doesn't exist
in SYSTEMPATH\Database\MySQLi\Connection.php on line 317.
 1 SYSTEMPATH\Database\BaseConnection.php(734): CodeIgniter\Database\MySQLi\Connection->execute('SELECT `module`.`id` AS `module_id`, `module`.`name` AS `module_name`, `module`.`description`, `users`.`nom` AS `professeur_nom`, `users`.`prenom` AS `professeur_prenom`, `filiere`.`name` AS `filiere_name`
FROM `module`
JOIN `users` ON `users`.`id` = `module`.`professeur_id`
JOIN `filiere_module` ON `filiere_module`.`module_id` = `module`.`id`
JOIN `filiere` ON `filiere`.`id` = `filiere_module`.`filiere_id`')
 2 SYSTEMPATH\Database\BaseConnection.php(648): CodeIgniter\Database\BaseConnection->simpleQuery('SELECT `module`.`id` AS `module_id`, `module`.`name` AS `module_name`, `module`.`description`, `users`.`nom` AS `professeur_nom`, `users`.`prenom` AS `professeur_prenom`, `filiere`.`name` AS `filiere_name`
FROM `module`
JOIN `users` ON `users`.`id` = `module`.`professeur_id`
JOIN `filiere_module` ON `filiere_module`.`module_id` = `module`.`id`
JOIN `filiere` ON `filiere`.`id` = `filiere_module`.`filiere_id`')
 3 SYSTEMPATH\Database\BaseBuilder.php(1644): CodeIgniter\Database\BaseConnection->query('SELECT `module`.`id` AS `module_id`, `module`.`name` AS `module_name`, `module`.`description`, `users`.`nom` AS `professeur_nom`, `users`.`prenom` AS `professeur_prenom`, `filiere`.`name` AS `filiere_name`
FROM `module`
JOIN `users` ON `users`.`id` = `module`.`professeur_id`
JOIN `filiere_module` ON `filiere_module`.`module_id` = `module`.`id`
JOIN `filiere` ON `filiere`.`id` = `filiere_module`.`filiere_id`', [], false)
 4 APPPATH\Models\ModuleModel.php(20): CodeIgniter\Database\BaseBuilder->get()
 5 APPPATH\Controllers\Modules.php(23): App\Models\ModuleModel->getModules()
 6 SYSTEMPATH\CodeIgniter.php(933): App\Controllers\Modules->index()
 7 SYSTEMPATH\CodeIgniter.php(509): CodeIgniter\CodeIgniter->runController(Object(App\Controllers\Modules))
 8 SYSTEMPATH\CodeIgniter.php(355): CodeIgniter\CodeIgniter->handleRequest(null, Object(Config\Cache), false)
 9 SYSTEMPATH\Boot.php(325): CodeIgniter\CodeIgniter->run()
10 SYSTEMPATH\Boot.php(67): CodeIgniter\Boot::runCodeIgniter(Object(CodeIgniter\CodeIgniter))
11 FCPATH\index.php(56): CodeIgniter\Boot::bootWeb(Object(Config\Paths))
12 SYSTEMPATH\rewrite.php(44): require_once('C:\\xampp25\\htdocs\\gestion_examen\\public\\index.php')
CRITICAL - 2025-01-08 20:42:23 --> [Caused by] mysqli_sql_exception: Table 'gestion_examens.module' doesn't exist
in SYSTEMPATH\Database\MySQLi\Connection.php on line 312.
 1 SYSTEMPATH\Database\MySQLi\Connection.php(312): mysqli->query('SELECT `module`.`id` AS `module_id`, `module`.`name` AS `module_name`, `module`.`description`, `users`.`nom` AS `professeur_nom`, `users`.`prenom` AS `professeur_prenom`, `filiere`.`name` AS `filiere_name`
FROM `module`
JOIN `users` ON `users`.`id` = `module`.`professeur_id`
JOIN `filiere_module` ON `filiere_module`.`module_id` = `module`.`id`
JOIN `filiere` ON `filiere`.`id` = `filiere_module`.`filiere_id`', 0)
 2 SYSTEMPATH\Database\BaseConnection.php(734): CodeIgniter\Database\MySQLi\Connection->execute('SELECT `module`.`id` AS `module_id`, `module`.`name` AS `module_name`, `module`.`description`, `users`.`nom` AS `professeur_nom`, `users`.`prenom` AS `professeur_prenom`, `filiere`.`name` AS `filiere_name`
FROM `module`
JOIN `users` ON `users`.`id` = `module`.`professeur_id`
JOIN `filiere_module` ON `filiere_module`.`module_id` = `module`.`id`
JOIN `filiere` ON `filiere`.`id` = `filiere_module`.`filiere_id`')
 3 SYSTEMPATH\Database\BaseConnection.php(648): CodeIgniter\Database\BaseConnection->simpleQuery('SELECT `module`.`id` AS `module_id`, `module`.`name` AS `module_name`, `module`.`description`, `users`.`nom` AS `professeur_nom`, `users`.`prenom` AS `professeur_prenom`, `filiere`.`name` AS `filiere_name`
FROM `module`
JOIN `users` ON `users`.`id` = `module`.`professeur_id`
JOIN `filiere_module` ON `filiere_module`.`module_id` = `module`.`id`
JOIN `filiere` ON `filiere`.`id` = `filiere_module`.`filiere_id`')
 4 SYSTEMPATH\Database\BaseBuilder.php(1644): CodeIgniter\Database\BaseConnection->query('SELECT `module`.`id` AS `module_id`, `module`.`name` AS `module_name`, `module`.`description`, `users`.`nom` AS `professeur_nom`, `users`.`prenom` AS `professeur_prenom`, `filiere`.`name` AS `filiere_name`
FROM `module`
JOIN `users` ON `users`.`id` = `module`.`professeur_id`
JOIN `filiere_module` ON `filiere_module`.`module_id` = `module`.`id`
JOIN `filiere` ON `filiere`.`id` = `filiere_module`.`filiere_id`', [], false)
 5 APPPATH\Models\ModuleModel.php(20): CodeIgniter\Database\BaseBuilder->get()
 6 APPPATH\Controllers\Modules.php(23): App\Models\ModuleModel->getModules()
 7 SYSTEMPATH\CodeIgniter.php(933): App\Controllers\Modules->index()
 8 SYSTEMPATH\CodeIgniter.php(509): CodeIgniter\CodeIgniter->runController(Object(App\Controllers\Modules))
 9 SYSTEMPATH\CodeIgniter.php(355): CodeIgniter\CodeIgniter->handleRequest(null, Object(Config\Cache), false)
10 SYSTEMPATH\Boot.php(325): CodeIgniter\CodeIgniter->run()
11 SYSTEMPATH\Boot.php(67): CodeIgniter\Boot::runCodeIgniter(Object(CodeIgniter\CodeIgniter))
12 FCPATH\index.php(56): CodeIgniter\Boot::bootWeb(Object(Config\Paths))
13 SYSTEMPATH\rewrite.php(44): require_once('C:\\xampp25\\htdocs\\gestion_examen\\public\\index.php')
ERROR - 2025-01-08 20:42:26 --> mysqli_sql_exception: Table 'gestion_examens.etudiant_filiere' doesn't exist in C:\xampp25\htdocs\gestion_examen\system\Database\MySQLi\Connection.php:312
Stack trace:
#0 C:\xampp25\htdocs\gestion_examen\system\Database\MySQLi\Connection.php(312): mysqli->query('SELECT `users`....', 0)
#1 C:\xampp25\htdocs\gestion_examen\system\Database\BaseConnection.php(734): CodeIgniter\Database\MySQLi\Connection->execute('SELECT `users`....')
#2 C:\xampp25\htdocs\gestion_examen\system\Database\BaseConnection.php(648): CodeIgniter\Database\BaseConnection->simpleQuery('SELECT `users`....')
#3 C:\xampp25\htdocs\gestion_examen\system\Database\BaseBuilder.php(1644): CodeIgniter\Database\BaseConnection->query('SELECT `users`....', Array, false)
#4 C:\xampp25\htdocs\gestion_examen\system\Model.php(930): CodeIgniter\Database\BaseBuilder->get()
#5 C:\xampp25\htdocs\gestion_examen\app\Models\UserModel.php(35): CodeIgniter\Model->__call('get', Array)
#6 C:\xampp25\htdocs\gestion_examen\app\Controllers\Etudiants.php(18): App\Models\UserModel->getAllEtudiants()
#7 C:\xampp25\htdocs\gestion_examen\system\CodeIgniter.php(933): App\Controllers\Etudiants->index()
#8 C:\xampp25\htdocs\gestion_examen\system\CodeIgniter.php(509): CodeIgniter\CodeIgniter->runController(Object(App\Controllers\Etudiants))
#9 C:\xampp25\htdocs\gestion_examen\system\CodeIgniter.php(355): CodeIgniter\CodeIgniter->handleRequest(NULL, Object(Config\Cache), false)
#10 C:\xampp25\htdocs\gestion_examen\system\Boot.php(325): CodeIgniter\CodeIgniter->run()
#11 C:\xampp25\htdocs\gestion_examen\system\Boot.php(67): CodeIgniter\Boot::runCodeIgniter(Object(CodeIgniter\CodeIgniter))
#12 C:\xampp25\htdocs\gestion_examen\public\index.php(56): CodeIgniter\Boot::bootWeb(Object(Config\Paths))
#13 C:\xampp25\htdocs\gestion_examen\system\rewrite.php(44): require_once('C:\\xampp25\\htdo...')
#14 {main}
CRITICAL - 2025-01-08 20:42:26 --> CodeIgniter\Database\Exceptions\DatabaseException: Table 'gestion_examens.etudiant_filiere' doesn't exist
[Method: GET, Route: admin/etudiants]
in SYSTEMPATH\Database\BaseConnection.php on line 688.
 1 SYSTEMPATH\Database\BaseBuilder.php(1644): CodeIgniter\Database\BaseConnection->query('SELECT `users`.`id` as `id`, `users`.`nom`, `users`.`prenom`, `users`.`email`, `comptes`.`username`, `filiere`.`name` as `filiere_nom`
FROM `users`
JOIN `comptes` ON `comptes`.`user_id` = `users`.`id`
JOIN `etudiant_filiere` ON `etudiant_filiere`.`etudiant_id` = `comptes`.`id`
JOIN `filiere` ON `filiere`.`id` = `etudiant_filiere`.`filiere_id`
JOIN `roles` ON `roles`.`id` = `comptes`.`role_id`
WHERE `roles`.`role_name` = :roles.role_name:', [...], false)
 2 SYSTEMPATH\Model.php(930): CodeIgniter\Database\BaseBuilder->get()
 3 APPPATH\Models\UserModel.php(35): CodeIgniter\Model->__call('get', [])
 4 APPPATH\Controllers\Etudiants.php(18): App\Models\UserModel->getAllEtudiants()
 5 SYSTEMPATH\CodeIgniter.php(933): App\Controllers\Etudiants->index()
 6 SYSTEMPATH\CodeIgniter.php(509): CodeIgniter\CodeIgniter->runController(Object(App\Controllers\Etudiants))
 7 SYSTEMPATH\CodeIgniter.php(355): CodeIgniter\CodeIgniter->handleRequest(null, Object(Config\Cache), false)
 8 SYSTEMPATH\Boot.php(325): CodeIgniter\CodeIgniter->run()
 9 SYSTEMPATH\Boot.php(67): CodeIgniter\Boot::runCodeIgniter(Object(CodeIgniter\CodeIgniter))
10 FCPATH\index.php(56): CodeIgniter\Boot::bootWeb(Object(Config\Paths))
11 SYSTEMPATH\rewrite.php(44): require_once('C:\\xampp25\\htdocs\\gestion_examen\\public\\index.php')
CRITICAL - 2025-01-08 20:42:26 --> [Caused by] CodeIgniter\Database\Exceptions\DatabaseException: Table 'gestion_examens.etudiant_filiere' doesn't exist
in SYSTEMPATH\Database\MySQLi\Connection.php on line 317.
 1 SYSTEMPATH\Database\BaseConnection.php(734): CodeIgniter\Database\MySQLi\Connection->execute('SELECT `users`.`id` as `id`, `users`.`nom`, `users`.`prenom`, `users`.`email`, `comptes`.`username`, `filiere`.`name` as `filiere_nom`
FROM `users`
JOIN `comptes` ON `comptes`.`user_id` = `users`.`id`
JOIN `etudiant_filiere` ON `etudiant_filiere`.`etudiant_id` = `comptes`.`id`
JOIN `filiere` ON `filiere`.`id` = `etudiant_filiere`.`filiere_id`
JOIN `roles` ON `roles`.`id` = `comptes`.`role_id`
WHERE `roles`.`role_name` = \'Etudiant\'')
 2 SYSTEMPATH\Database\BaseConnection.php(648): CodeIgniter\Database\BaseConnection->simpleQuery('SELECT `users`.`id` as `id`, `users`.`nom`, `users`.`prenom`, `users`.`email`, `comptes`.`username`, `filiere`.`name` as `filiere_nom`
FROM `users`
JOIN `comptes` ON `comptes`.`user_id` = `users`.`id`
JOIN `etudiant_filiere` ON `etudiant_filiere`.`etudiant_id` = `comptes`.`id`
JOIN `filiere` ON `filiere`.`id` = `etudiant_filiere`.`filiere_id`
JOIN `roles` ON `roles`.`id` = `comptes`.`role_id`
WHERE `roles`.`role_name` = \'Etudiant\'')
 3 SYSTEMPATH\Database\BaseBuilder.php(1644): CodeIgniter\Database\BaseConnection->query('SELECT `users`.`id` as `id`, `users`.`nom`, `users`.`prenom`, `users`.`email`, `comptes`.`username`, `filiere`.`name` as `filiere_nom`
FROM `users`
JOIN `comptes` ON `comptes`.`user_id` = `users`.`id`
JOIN `etudiant_filiere` ON `etudiant_filiere`.`etudiant_id` = `comptes`.`id`
JOIN `filiere` ON `filiere`.`id` = `etudiant_filiere`.`filiere_id`
JOIN `roles` ON `roles`.`id` = `comptes`.`role_id`
WHERE `roles`.`role_name` = :roles.role_name:', [...], false)
 4 SYSTEMPATH\Model.php(930): CodeIgniter\Database\BaseBuilder->get()
 5 APPPATH\Models\UserModel.php(35): CodeIgniter\Model->__call('get', [])
 6 APPPATH\Controllers\Etudiants.php(18): App\Models\UserModel->getAllEtudiants()
 7 SYSTEMPATH\CodeIgniter.php(933): App\Controllers\Etudiants->index()
 8 SYSTEMPATH\CodeIgniter.php(509): CodeIgniter\CodeIgniter->runController(Object(App\Controllers\Etudiants))
 9 SYSTEMPATH\CodeIgniter.php(355): CodeIgniter\CodeIgniter->handleRequest(null, Object(Config\Cache), false)
10 SYSTEMPATH\Boot.php(325): CodeIgniter\CodeIgniter->run()
11 SYSTEMPATH\Boot.php(67): CodeIgniter\Boot::runCodeIgniter(Object(CodeIgniter\CodeIgniter))
12 FCPATH\index.php(56): CodeIgniter\Boot::bootWeb(Object(Config\Paths))
13 SYSTEMPATH\rewrite.php(44): require_once('C:\\xampp25\\htdocs\\gestion_examen\\public\\index.php')
CRITICAL - 2025-01-08 20:42:26 --> [Caused by] mysqli_sql_exception: Table 'gestion_examens.etudiant_filiere' doesn't exist
in SYSTEMPATH\Database\MySQLi\Connection.php on line 312.
 1 SYSTEMPATH\Database\MySQLi\Connection.php(312): mysqli->query('SELECT `users`.`id` as `id`, `users`.`nom`, `users`.`prenom`, `users`.`email`, `comptes`.`username`, `filiere`.`name` as `filiere_nom`
FROM `users`
JOIN `comptes` ON `comptes`.`user_id` = `users`.`id`
JOIN `etudiant_filiere` ON `etudiant_filiere`.`etudiant_id` = `comptes`.`id`
JOIN `filiere` ON `filiere`.`id` = `etudiant_filiere`.`filiere_id`
JOIN `roles` ON `roles`.`id` = `comptes`.`role_id`
WHERE `roles`.`role_name` = \'Etudiant\'', 0)
 2 SYSTEMPATH\Database\BaseConnection.php(734): CodeIgniter\Database\MySQLi\Connection->execute('SELECT `users`.`id` as `id`, `users`.`nom`, `users`.`prenom`, `users`.`email`, `comptes`.`username`, `filiere`.`name` as `filiere_nom`
FROM `users`
JOIN `comptes` ON `comptes`.`user_id` = `users`.`id`
JOIN `etudiant_filiere` ON `etudiant_filiere`.`etudiant_id` = `comptes`.`id`
JOIN `filiere` ON `filiere`.`id` = `etudiant_filiere`.`filiere_id`
JOIN `roles` ON `roles`.`id` = `comptes`.`role_id`
WHERE `roles`.`role_name` = \'Etudiant\'')
 3 SYSTEMPATH\Database\BaseConnection.php(648): CodeIgniter\Database\BaseConnection->simpleQuery('SELECT `users`.`id` as `id`, `users`.`nom`, `users`.`prenom`, `users`.`email`, `comptes`.`username`, `filiere`.`name` as `filiere_nom`
FROM `users`
JOIN `comptes` ON `comptes`.`user_id` = `users`.`id`
JOIN `etudiant_filiere` ON `etudiant_filiere`.`etudiant_id` = `comptes`.`id`
JOIN `filiere` ON `filiere`.`id` = `etudiant_filiere`.`filiere_id`
JOIN `roles` ON `roles`.`id` = `comptes`.`role_id`
WHERE `roles`.`role_name` = \'Etudiant\'')
 4 SYSTEMPATH\Database\BaseBuilder.php(1644): CodeIgniter\Database\BaseConnection->query('SELECT `users`.`id` as `id`, `users`.`nom`, `users`.`prenom`, `users`.`email`, `comptes`.`username`, `filiere`.`name` as `filiere_nom`
FROM `users`
JOIN `comptes` ON `comptes`.`user_id` = `users`.`id`
JOIN `etudiant_filiere` ON `etudiant_filiere`.`etudiant_id` = `comptes`.`id`
JOIN `filiere` ON `filiere`.`id` = `etudiant_filiere`.`filiere_id`
JOIN `roles` ON `roles`.`id` = `comptes`.`role_id`
WHERE `roles`.`role_name` = :roles.role_name:', [...], false)
 5 SYSTEMPATH\Model.php(930): CodeIgniter\Database\BaseBuilder->get()
 6 APPPATH\Models\UserModel.php(35): CodeIgniter\Model->__call('get', [])
 7 APPPATH\Controllers\Etudiants.php(18): App\Models\UserModel->getAllEtudiants()
 8 SYSTEMPATH\CodeIgniter.php(933): App\Controllers\Etudiants->index()
 9 SYSTEMPATH\CodeIgniter.php(509): CodeIgniter\CodeIgniter->runController(Object(App\Controllers\Etudiants))
10 SYSTEMPATH\CodeIgniter.php(355): CodeIgniter\CodeIgniter->handleRequest(null, Object(Config\Cache), false)
11 SYSTEMPATH\Boot.php(325): CodeIgniter\CodeIgniter->run()
12 SYSTEMPATH\Boot.php(67): CodeIgniter\Boot::runCodeIgniter(Object(CodeIgniter\CodeIgniter))
13 FCPATH\index.php(56): CodeIgniter\Boot::bootWeb(Object(Config\Paths))
14 SYSTEMPATH\rewrite.php(44): require_once('C:\\xampp25\\htdocs\\gestion_examen\\public\\index.php')
ERROR - 2025-01-08 20:42:39 --> mysqli_sql_exception: Table 'gestion_examens.etudiant_filiere' doesn't exist in C:\xampp25\htdocs\gestion_examen\system\Database\MySQLi\Connection.php:312
Stack trace:
#0 C:\xampp25\htdocs\gestion_examen\system\Database\MySQLi\Connection.php(312): mysqli->query('SELECT `users`....', 0)
#1 C:\xampp25\htdocs\gestion_examen\system\Database\BaseConnection.php(734): CodeIgniter\Database\MySQLi\Connection->execute('SELECT `users`....')
#2 C:\xampp25\htdocs\gestion_examen\system\Database\BaseConnection.php(648): CodeIgniter\Database\BaseConnection->simpleQuery('SELECT `users`....')
#3 C:\xampp25\htdocs\gestion_examen\system\Database\BaseBuilder.php(1644): CodeIgniter\Database\BaseConnection->query('SELECT `users`....', Array, false)
#4 C:\xampp25\htdocs\gestion_examen\system\Model.php(930): CodeIgniter\Database\BaseBuilder->get()
#5 C:\xampp25\htdocs\gestion_examen\app\Models\UserModel.php(35): CodeIgniter\Model->__call('get', Array)
#6 C:\xampp25\htdocs\gestion_examen\app\Controllers\Etudiants.php(18): App\Models\UserModel->getAllEtudiants()
#7 C:\xampp25\htdocs\gestion_examen\system\CodeIgniter.php(933): App\Controllers\Etudiants->index()
#8 C:\xampp25\htdocs\gestion_examen\system\CodeIgniter.php(509): CodeIgniter\CodeIgniter->runController(Object(App\Controllers\Etudiants))
#9 C:\xampp25\htdocs\gestion_examen\system\CodeIgniter.php(355): CodeIgniter\CodeIgniter->handleRequest(NULL, Object(Config\Cache), false)
#10 C:\xampp25\htdocs\gestion_examen\system\Boot.php(325): CodeIgniter\CodeIgniter->run()
#11 C:\xampp25\htdocs\gestion_examen\system\Boot.php(67): CodeIgniter\Boot::runCodeIgniter(Object(CodeIgniter\CodeIgniter))
#12 C:\xampp25\htdocs\gestion_examen\public\index.php(56): CodeIgniter\Boot::bootWeb(Object(Config\Paths))
#13 C:\xampp25\htdocs\gestion_examen\system\rewrite.php(44): require_once('C:\\xampp25\\htdo...')
#14 {main}
CRITICAL - 2025-01-08 20:42:39 --> CodeIgniter\Database\Exceptions\DatabaseException: Table 'gestion_examens.etudiant_filiere' doesn't exist
[Method: GET, Route: admin/etudiants]
in SYSTEMPATH\Database\BaseConnection.php on line 688.
 1 SYSTEMPATH\Database\BaseBuilder.php(1644): CodeIgniter\Database\BaseConnection->query('SELECT `users`.`id` as `id`, `users`.`nom`, `users`.`prenom`, `users`.`email`, `comptes`.`username`, `filiere`.`name` as `filiere_nom`
FROM `users`
JOIN `comptes` ON `comptes`.`user_id` = `users`.`id`
JOIN `etudiant_filiere` ON `etudiant_filiere`.`etudiant_id` = `comptes`.`id`
JOIN `filiere` ON `filiere`.`id` = `etudiant_filiere`.`filiere_id`
JOIN `roles` ON `roles`.`id` = `comptes`.`role_id`
WHERE `roles`.`role_name` = :roles.role_name:', [...], false)
 2 SYSTEMPATH\Model.php(930): CodeIgniter\Database\BaseBuilder->get()
 3 APPPATH\Models\UserModel.php(35): CodeIgniter\Model->__call('get', [])
 4 APPPATH\Controllers\Etudiants.php(18): App\Models\UserModel->getAllEtudiants()
 5 SYSTEMPATH\CodeIgniter.php(933): App\Controllers\Etudiants->index()
 6 SYSTEMPATH\CodeIgniter.php(509): CodeIgniter\CodeIgniter->runController(Object(App\Controllers\Etudiants))
 7 SYSTEMPATH\CodeIgniter.php(355): CodeIgniter\CodeIgniter->handleRequest(null, Object(Config\Cache), false)
 8 SYSTEMPATH\Boot.php(325): CodeIgniter\CodeIgniter->run()
 9 SYSTEMPATH\Boot.php(67): CodeIgniter\Boot::runCodeIgniter(Object(CodeIgniter\CodeIgniter))
10 FCPATH\index.php(56): CodeIgniter\Boot::bootWeb(Object(Config\Paths))
11 SYSTEMPATH\rewrite.php(44): require_once('C:\\xampp25\\htdocs\\gestion_examen\\public\\index.php')
CRITICAL - 2025-01-08 20:42:39 --> [Caused by] CodeIgniter\Database\Exceptions\DatabaseException: Table 'gestion_examens.etudiant_filiere' doesn't exist
in SYSTEMPATH\Database\MySQLi\Connection.php on line 317.
 1 SYSTEMPATH\Database\BaseConnection.php(734): CodeIgniter\Database\MySQLi\Connection->execute('SELECT `users`.`id` as `id`, `users`.`nom`, `users`.`prenom`, `users`.`email`, `comptes`.`username`, `filiere`.`name` as `filiere_nom`
FROM `users`
JOIN `comptes` ON `comptes`.`user_id` = `users`.`id`
JOIN `etudiant_filiere` ON `etudiant_filiere`.`etudiant_id` = `comptes`.`id`
JOIN `filiere` ON `filiere`.`id` = `etudiant_filiere`.`filiere_id`
JOIN `roles` ON `roles`.`id` = `comptes`.`role_id`
WHERE `roles`.`role_name` = \'Etudiant\'')
 2 SYSTEMPATH\Database\BaseConnection.php(648): CodeIgniter\Database\BaseConnection->simpleQuery('SELECT `users`.`id` as `id`, `users`.`nom`, `users`.`prenom`, `users`.`email`, `comptes`.`username`, `filiere`.`name` as `filiere_nom`
FROM `users`
JOIN `comptes` ON `comptes`.`user_id` = `users`.`id`
JOIN `etudiant_filiere` ON `etudiant_filiere`.`etudiant_id` = `comptes`.`id`
JOIN `filiere` ON `filiere`.`id` = `etudiant_filiere`.`filiere_id`
JOIN `roles` ON `roles`.`id` = `comptes`.`role_id`
WHERE `roles`.`role_name` = \'Etudiant\'')
 3 SYSTEMPATH\Database\BaseBuilder.php(1644): CodeIgniter\Database\BaseConnection->query('SELECT `users`.`id` as `id`, `users`.`nom`, `users`.`prenom`, `users`.`email`, `comptes`.`username`, `filiere`.`name` as `filiere_nom`
FROM `users`
JOIN `comptes` ON `comptes`.`user_id` = `users`.`id`
JOIN `etudiant_filiere` ON `etudiant_filiere`.`etudiant_id` = `comptes`.`id`
JOIN `filiere` ON `filiere`.`id` = `etudiant_filiere`.`filiere_id`
JOIN `roles` ON `roles`.`id` = `comptes`.`role_id`
WHERE `roles`.`role_name` = :roles.role_name:', [...], false)
 4 SYSTEMPATH\Model.php(930): CodeIgniter\Database\BaseBuilder->get()
 5 APPPATH\Models\UserModel.php(35): CodeIgniter\Model->__call('get', [])
 6 APPPATH\Controllers\Etudiants.php(18): App\Models\UserModel->getAllEtudiants()
 7 SYSTEMPATH\CodeIgniter.php(933): App\Controllers\Etudiants->index()
 8 SYSTEMPATH\CodeIgniter.php(509): CodeIgniter\CodeIgniter->runController(Object(App\Controllers\Etudiants))
 9 SYSTEMPATH\CodeIgniter.php(355): CodeIgniter\CodeIgniter->handleRequest(null, Object(Config\Cache), false)
10 SYSTEMPATH\Boot.php(325): CodeIgniter\CodeIgniter->run()
11 SYSTEMPATH\Boot.php(67): CodeIgniter\Boot::runCodeIgniter(Object(CodeIgniter\CodeIgniter))
12 FCPATH\index.php(56): CodeIgniter\Boot::bootWeb(Object(Config\Paths))
13 SYSTEMPATH\rewrite.php(44): require_once('C:\\xampp25\\htdocs\\gestion_examen\\public\\index.php')
CRITICAL - 2025-01-08 20:42:39 --> [Caused by] mysqli_sql_exception: Table 'gestion_examens.etudiant_filiere' doesn't exist
in SYSTEMPATH\Database\MySQLi\Connection.php on line 312.
 1 SYSTEMPATH\Database\MySQLi\Connection.php(312): mysqli->query('SELECT `users`.`id` as `id`, `users`.`nom`, `users`.`prenom`, `users`.`email`, `comptes`.`username`, `filiere`.`name` as `filiere_nom`
FROM `users`
JOIN `comptes` ON `comptes`.`user_id` = `users`.`id`
JOIN `etudiant_filiere` ON `etudiant_filiere`.`etudiant_id` = `comptes`.`id`
JOIN `filiere` ON `filiere`.`id` = `etudiant_filiere`.`filiere_id`
JOIN `roles` ON `roles`.`id` = `comptes`.`role_id`
WHERE `roles`.`role_name` = \'Etudiant\'', 0)
 2 SYSTEMPATH\Database\BaseConnection.php(734): CodeIgniter\Database\MySQLi\Connection->execute('SELECT `users`.`id` as `id`, `users`.`nom`, `users`.`prenom`, `users`.`email`, `comptes`.`username`, `filiere`.`name` as `filiere_nom`
FROM `users`
JOIN `comptes` ON `comptes`.`user_id` = `users`.`id`
JOIN `etudiant_filiere` ON `etudiant_filiere`.`etudiant_id` = `comptes`.`id`
JOIN `filiere` ON `filiere`.`id` = `etudiant_filiere`.`filiere_id`
JOIN `roles` ON `roles`.`id` = `comptes`.`role_id`
WHERE `roles`.`role_name` = \'Etudiant\'')
 3 SYSTEMPATH\Database\BaseConnection.php(648): CodeIgniter\Database\BaseConnection->simpleQuery('SELECT `users`.`id` as `id`, `users`.`nom`, `users`.`prenom`, `users`.`email`, `comptes`.`username`, `filiere`.`name` as `filiere_nom`
FROM `users`
JOIN `comptes` ON `comptes`.`user_id` = `users`.`id`
JOIN `etudiant_filiere` ON `etudiant_filiere`.`etudiant_id` = `comptes`.`id`
JOIN `filiere` ON `filiere`.`id` = `etudiant_filiere`.`filiere_id`
JOIN `roles` ON `roles`.`id` = `comptes`.`role_id`
WHERE `roles`.`role_name` = \'Etudiant\'')
 4 SYSTEMPATH\Database\BaseBuilder.php(1644): CodeIgniter\Database\BaseConnection->query('SELECT `users`.`id` as `id`, `users`.`nom`, `users`.`prenom`, `users`.`email`, `comptes`.`username`, `filiere`.`name` as `filiere_nom`
FROM `users`
JOIN `comptes` ON `comptes`.`user_id` = `users`.`id`
JOIN `etudiant_filiere` ON `etudiant_filiere`.`etudiant_id` = `comptes`.`id`
JOIN `filiere` ON `filiere`.`id` = `etudiant_filiere`.`filiere_id`
JOIN `roles` ON `roles`.`id` = `comptes`.`role_id`
WHERE `roles`.`role_name` = :roles.role_name:', [...], false)
 5 SYSTEMPATH\Model.php(930): CodeIgniter\Database\BaseBuilder->get()
 6 APPPATH\Models\UserModel.php(35): CodeIgniter\Model->__call('get', [])
 7 APPPATH\Controllers\Etudiants.php(18): App\Models\UserModel->getAllEtudiants()
 8 SYSTEMPATH\CodeIgniter.php(933): App\Controllers\Etudiants->index()
 9 SYSTEMPATH\CodeIgniter.php(509): CodeIgniter\CodeIgniter->runController(Object(App\Controllers\Etudiants))
10 SYSTEMPATH\CodeIgniter.php(355): CodeIgniter\CodeIgniter->handleRequest(null, Object(Config\Cache), false)
11 SYSTEMPATH\Boot.php(325): CodeIgniter\CodeIgniter->run()
12 SYSTEMPATH\Boot.php(67): CodeIgniter\Boot::runCodeIgniter(Object(CodeIgniter\CodeIgniter))
13 FCPATH\index.php(56): CodeIgniter\Boot::bootWeb(Object(Config\Paths))
14 SYSTEMPATH\rewrite.php(44): require_once('C:\\xampp25\\htdocs\\gestion_examen\\public\\index.php')
ERROR - 2025-01-08 20:42:54 --> mysqli_sql_exception: Table 'gestion_examens.module' doesn't exist in C:\xampp25\htdocs\gestion_examen\system\Database\MySQLi\Connection.php:312
Stack trace:
#0 C:\xampp25\htdocs\gestion_examen\system\Database\MySQLi\Connection.php(312): mysqli->query('SELECT `module`...', 0)
#1 C:\xampp25\htdocs\gestion_examen\system\Database\BaseConnection.php(734): CodeIgniter\Database\MySQLi\Connection->execute('SELECT `module`...')
#2 C:\xampp25\htdocs\gestion_examen\system\Database\BaseConnection.php(648): CodeIgniter\Database\BaseConnection->simpleQuery('SELECT `module`...')
#3 C:\xampp25\htdocs\gestion_examen\system\Database\BaseBuilder.php(1644): CodeIgniter\Database\BaseConnection->query('SELECT `module`...', Array, false)
#4 C:\xampp25\htdocs\gestion_examen\app\Models\ModuleModel.php(20): CodeIgniter\Database\BaseBuilder->get()
#5 C:\xampp25\htdocs\gestion_examen\app\Controllers\Modules.php(23): App\Models\ModuleModel->getModules()
#6 C:\xampp25\htdocs\gestion_examen\system\CodeIgniter.php(933): App\Controllers\Modules->index()
#7 C:\xampp25\htdocs\gestion_examen\system\CodeIgniter.php(509): CodeIgniter\CodeIgniter->runController(Object(App\Controllers\Modules))
#8 C:\xampp25\htdocs\gestion_examen\system\CodeIgniter.php(355): CodeIgniter\CodeIgniter->handleRequest(NULL, Object(Config\Cache), false)
#9 C:\xampp25\htdocs\gestion_examen\system\Boot.php(325): CodeIgniter\CodeIgniter->run()
#10 C:\xampp25\htdocs\gestion_examen\system\Boot.php(67): CodeIgniter\Boot::runCodeIgniter(Object(CodeIgniter\CodeIgniter))
#11 C:\xampp25\htdocs\gestion_examen\public\index.php(56): CodeIgniter\Boot::bootWeb(Object(Config\Paths))
#12 C:\xampp25\htdocs\gestion_examen\system\rewrite.php(44): require_once('C:\\xampp25\\htdo...')
#13 {main}
CRITICAL - 2025-01-08 20:42:54 --> CodeIgniter\Database\Exceptions\DatabaseException: Table 'gestion_examens.module' doesn't exist
[Method: GET, Route: admin/modules]
in SYSTEMPATH\Database\BaseConnection.php on line 688.
 1 SYSTEMPATH\Database\BaseBuilder.php(1644): CodeIgniter\Database\BaseConnection->query('SELECT `module`.`id` AS `module_id`, `module`.`name` AS `module_name`, `module`.`description`, `users`.`nom` AS `professeur_nom`, `users`.`prenom` AS `professeur_prenom`, `filiere`.`name` AS `filiere_name`
FROM `module`
JOIN `users` ON `users`.`id` = `module`.`professeur_id`
JOIN `filiere_module` ON `filiere_module`.`module_id` = `module`.`id`
JOIN `filiere` ON `filiere`.`id` = `filiere_module`.`filiere_id`', [], false)
 2 APPPATH\Models\ModuleModel.php(20): CodeIgniter\Database\BaseBuilder->get()
 3 APPPATH\Controllers\Modules.php(23): App\Models\ModuleModel->getModules()
 4 SYSTEMPATH\CodeIgniter.php(933): App\Controllers\Modules->index()
 5 SYSTEMPATH\CodeIgniter.php(509): CodeIgniter\CodeIgniter->runController(Object(App\Controllers\Modules))
 6 SYSTEMPATH\CodeIgniter.php(355): CodeIgniter\CodeIgniter->handleRequest(null, Object(Config\Cache), false)
 7 SYSTEMPATH\Boot.php(325): CodeIgniter\CodeIgniter->run()
 8 SYSTEMPATH\Boot.php(67): CodeIgniter\Boot::runCodeIgniter(Object(CodeIgniter\CodeIgniter))
 9 FCPATH\index.php(56): CodeIgniter\Boot::bootWeb(Object(Config\Paths))
10 SYSTEMPATH\rewrite.php(44): require_once('C:\\xampp25\\htdocs\\gestion_examen\\public\\index.php')
CRITICAL - 2025-01-08 20:42:54 --> [Caused by] CodeIgniter\Database\Exceptions\DatabaseException: Table 'gestion_examens.module' doesn't exist
in SYSTEMPATH\Database\MySQLi\Connection.php on line 317.
 1 SYSTEMPATH\Database\BaseConnection.php(734): CodeIgniter\Database\MySQLi\Connection->execute('SELECT `module`.`id` AS `module_id`, `module`.`name` AS `module_name`, `module`.`description`, `users`.`nom` AS `professeur_nom`, `users`.`prenom` AS `professeur_prenom`, `filiere`.`name` AS `filiere_name`
FROM `module`
JOIN `users` ON `users`.`id` = `module`.`professeur_id`
JOIN `filiere_module` ON `filiere_module`.`module_id` = `module`.`id`
JOIN `filiere` ON `filiere`.`id` = `filiere_module`.`filiere_id`')
 2 SYSTEMPATH\Database\BaseConnection.php(648): CodeIgniter\Database\BaseConnection->simpleQuery('SELECT `module`.`id` AS `module_id`, `module`.`name` AS `module_name`, `module`.`description`, `users`.`nom` AS `professeur_nom`, `users`.`prenom` AS `professeur_prenom`, `filiere`.`name` AS `filiere_name`
FROM `module`
JOIN `users` ON `users`.`id` = `module`.`professeur_id`
JOIN `filiere_module` ON `filiere_module`.`module_id` = `module`.`id`
JOIN `filiere` ON `filiere`.`id` = `filiere_module`.`filiere_id`')
 3 SYSTEMPATH\Database\BaseBuilder.php(1644): CodeIgniter\Database\BaseConnection->query('SELECT `module`.`id` AS `module_id`, `module`.`name` AS `module_name`, `module`.`description`, `users`.`nom` AS `professeur_nom`, `users`.`prenom` AS `professeur_prenom`, `filiere`.`name` AS `filiere_name`
FROM `module`
JOIN `users` ON `users`.`id` = `module`.`professeur_id`
JOIN `filiere_module` ON `filiere_module`.`module_id` = `module`.`id`
JOIN `filiere` ON `filiere`.`id` = `filiere_module`.`filiere_id`', [], false)
 4 APPPATH\Models\ModuleModel.php(20): CodeIgniter\Database\BaseBuilder->get()
 5 APPPATH\Controllers\Modules.php(23): App\Models\ModuleModel->getModules()
 6 SYSTEMPATH\CodeIgniter.php(933): App\Controllers\Modules->index()
 7 SYSTEMPATH\CodeIgniter.php(509): CodeIgniter\CodeIgniter->runController(Object(App\Controllers\Modules))
 8 SYSTEMPATH\CodeIgniter.php(355): CodeIgniter\CodeIgniter->handleRequest(null, Object(Config\Cache), false)
 9 SYSTEMPATH\Boot.php(325): CodeIgniter\CodeIgniter->run()
10 SYSTEMPATH\Boot.php(67): CodeIgniter\Boot::runCodeIgniter(Object(CodeIgniter\CodeIgniter))
11 FCPATH\index.php(56): CodeIgniter\Boot::bootWeb(Object(Config\Paths))
12 SYSTEMPATH\rewrite.php(44): require_once('C:\\xampp25\\htdocs\\gestion_examen\\public\\index.php')
CRITICAL - 2025-01-08 20:42:54 --> [Caused by] mysqli_sql_exception: Table 'gestion_examens.module' doesn't exist
in SYSTEMPATH\Database\MySQLi\Connection.php on line 312.
 1 SYSTEMPATH\Database\MySQLi\Connection.php(312): mysqli->query('SELECT `module`.`id` AS `module_id`, `module`.`name` AS `module_name`, `module`.`description`, `users`.`nom` AS `professeur_nom`, `users`.`prenom` AS `professeur_prenom`, `filiere`.`name` AS `filiere_name`
FROM `module`
JOIN `users` ON `users`.`id` = `module`.`professeur_id`
JOIN `filiere_module` ON `filiere_module`.`module_id` = `module`.`id`
JOIN `filiere` ON `filiere`.`id` = `filiere_module`.`filiere_id`', 0)
 2 SYSTEMPATH\Database\BaseConnection.php(734): CodeIgniter\Database\MySQLi\Connection->execute('SELECT `module`.`id` AS `module_id`, `module`.`name` AS `module_name`, `module`.`description`, `users`.`nom` AS `professeur_nom`, `users`.`prenom` AS `professeur_prenom`, `filiere`.`name` AS `filiere_name`
FROM `module`
JOIN `users` ON `users`.`id` = `module`.`professeur_id`
JOIN `filiere_module` ON `filiere_module`.`module_id` = `module`.`id`
JOIN `filiere` ON `filiere`.`id` = `filiere_module`.`filiere_id`')
 3 SYSTEMPATH\Database\BaseConnection.php(648): CodeIgniter\Database\BaseConnection->simpleQuery('SELECT `module`.`id` AS `module_id`, `module`.`name` AS `module_name`, `module`.`description`, `users`.`nom` AS `professeur_nom`, `users`.`prenom` AS `professeur_prenom`, `filiere`.`name` AS `filiere_name`
FROM `module`
JOIN `users` ON `users`.`id` = `module`.`professeur_id`
JOIN `filiere_module` ON `filiere_module`.`module_id` = `module`.`id`
JOIN `filiere` ON `filiere`.`id` = `filiere_module`.`filiere_id`')
 4 SYSTEMPATH\Database\BaseBuilder.php(1644): CodeIgniter\Database\BaseConnection->query('SELECT `module`.`id` AS `module_id`, `module`.`name` AS `module_name`, `module`.`description`, `users`.`nom` AS `professeur_nom`, `users`.`prenom` AS `professeur_prenom`, `filiere`.`name` AS `filiere_name`
FROM `module`
JOIN `users` ON `users`.`id` = `module`.`professeur_id`
JOIN `filiere_module` ON `filiere_module`.`module_id` = `module`.`id`
JOIN `filiere` ON `filiere`.`id` = `filiere_module`.`filiere_id`', [], false)
 5 APPPATH\Models\ModuleModel.php(20): CodeIgniter\Database\BaseBuilder->get()
 6 APPPATH\Controllers\Modules.php(23): App\Models\ModuleModel->getModules()
 7 SYSTEMPATH\CodeIgniter.php(933): App\Controllers\Modules->index()
 8 SYSTEMPATH\CodeIgniter.php(509): CodeIgniter\CodeIgniter->runController(Object(App\Controllers\Modules))
 9 SYSTEMPATH\CodeIgniter.php(355): CodeIgniter\CodeIgniter->handleRequest(null, Object(Config\Cache), false)
10 SYSTEMPATH\Boot.php(325): CodeIgniter\CodeIgniter->run()
11 SYSTEMPATH\Boot.php(67): CodeIgniter\Boot::runCodeIgniter(Object(CodeIgniter\CodeIgniter))
12 FCPATH\index.php(56): CodeIgniter\Boot::bootWeb(Object(Config\Paths))
13 SYSTEMPATH\rewrite.php(44): require_once('C:\\xampp25\\htdocs\\gestion_examen\\public\\index.php')
CRITICAL - 2025-01-08 20:47:53 --> ErrorException: Trying to access array offset on value of type null
[Method: POST, Route: Login/authenticate]
in APPPATH\Controllers\Login.php on line 26.
 1 APPPATH\Controllers\Login.php(26): CodeIgniter\Debug\Exceptions->errorHandler(2, 'Trying to access array offset on value of type null', 'C:\\xampp25\\htdocs\\gestion_examen\\app\\Controllers\\Login.php', 26)
 2 SYSTEMPATH\CodeIgniter.php(933): App\Controllers\Login->authenticate()
 3 SYSTEMPATH\CodeIgniter.php(509): CodeIgniter\CodeIgniter->runController(Object(App\Controllers\Login))
 4 SYSTEMPATH\CodeIgniter.php(355): CodeIgniter\CodeIgniter->handleRequest(null, Object(Config\Cache), false)
 5 SYSTEMPATH\Boot.php(325): CodeIgniter\CodeIgniter->run()
 6 SYSTEMPATH\Boot.php(67): CodeIgniter\Boot::runCodeIgniter(Object(CodeIgniter\CodeIgniter))
 7 FCPATH\index.php(56): CodeIgniter\Boot::bootWeb(Object(Config\Paths))
 8 SYSTEMPATH\rewrite.php(44): require_once('C:\\xampp25\\htdocs\\gestion_examen\\public\\index.php')
CRITICAL - 2025-01-08 20:49:53 --> ErrorException: Trying to access array offset on value of type null
[Method: POST, Route: Login/authenticate]
in APPPATH\Controllers\Login.php on line 26.
 1 APPPATH\Controllers\Login.php(26): CodeIgniter\Debug\Exceptions->errorHandler(2, 'Trying to access array offset on value of type null', 'C:\\xampp25\\htdocs\\gestion_examen\\app\\Controllers\\Login.php', 26)
 2 SYSTEMPATH\CodeIgniter.php(933): App\Controllers\Login->authenticate()
 3 SYSTEMPATH\CodeIgniter.php(509): CodeIgniter\CodeIgniter->runController(Object(App\Controllers\Login))
 4 SYSTEMPATH\CodeIgniter.php(355): CodeIgniter\CodeIgniter->handleRequest(null, Object(Config\Cache), false)
 5 SYSTEMPATH\Boot.php(325): CodeIgniter\CodeIgniter->run()
 6 SYSTEMPATH\Boot.php(67): CodeIgniter\Boot::runCodeIgniter(Object(CodeIgniter\CodeIgniter))
 7 FCPATH\index.php(56): CodeIgniter\Boot::bootWeb(Object(Config\Paths))
 8 SYSTEMPATH\rewrite.php(44): require_once('C:\\xampp25\\htdocs\\gestion_examen\\public\\index.php')
ERROR - 2025-01-08 20:50:04 --> mysqli_sql_exception: Table 'gestion_examens.roles' doesn't exist in C:\xampp25\htdocs\gestion_examen\system\Database\MySQLi\Connection.php:312
Stack trace:
#0 C:\xampp25\htdocs\gestion_examen\system\Database\MySQLi\Connection.php(312): mysqli->query('SELECT *\nFROM `...', 0)
#1 C:\xampp25\htdocs\gestion_examen\system\Database\BaseConnection.php(734): CodeIgniter\Database\MySQLi\Connection->execute('SELECT *\nFROM `...')
#2 C:\xampp25\htdocs\gestion_examen\system\Database\BaseConnection.php(648): CodeIgniter\Database\BaseConnection->simpleQuery('SELECT *\nFROM `...')
#3 C:\xampp25\htdocs\gestion_examen\system\Database\BaseBuilder.php(1644): CodeIgniter\Database\BaseConnection->query('SELECT *\nFROM `...', Array, false)
#4 C:\xampp25\htdocs\gestion_examen\system\Model.php(286): CodeIgniter\Database\BaseBuilder->get()
#5 C:\xampp25\htdocs\gestion_examen\system\BaseModel.php(676): CodeIgniter\Model->doFindAll(0, 0)
#6 C:\xampp25\htdocs\gestion_examen\app\Controllers\Register.php(14): CodeIgniter\BaseModel->findAll()
#7 C:\xampp25\htdocs\gestion_examen\system\CodeIgniter.php(933): App\Controllers\Register->index()
#8 C:\xampp25\htdocs\gestion_examen\system\CodeIgniter.php(509): CodeIgniter\CodeIgniter->runController(Object(App\Controllers\Register))
#9 C:\xampp25\htdocs\gestion_examen\system\CodeIgniter.php(355): CodeIgniter\CodeIgniter->handleRequest(NULL, Object(Config\Cache), false)
#10 C:\xampp25\htdocs\gestion_examen\system\Boot.php(325): CodeIgniter\CodeIgniter->run()
#11 C:\xampp25\htdocs\gestion_examen\system\Boot.php(67): CodeIgniter\Boot::runCodeIgniter(Object(CodeIgniter\CodeIgniter))
#12 C:\xampp25\htdocs\gestion_examen\public\index.php(56): CodeIgniter\Boot::bootWeb(Object(Config\Paths))
#13 C:\xampp25\htdocs\gestion_examen\system\rewrite.php(44): require_once('C:\\xampp25\\htdo...')
#14 {main}
CRITICAL - 2025-01-08 20:50:04 --> CodeIgniter\Database\Exceptions\DatabaseException: Table 'gestion_examens.roles' doesn't exist
[Method: GET, Route: register]
in SYSTEMPATH\Database\BaseConnection.php on line 688.
 1 SYSTEMPATH\Database\BaseBuilder.php(1644): CodeIgniter\Database\BaseConnection->query('SELECT *
FROM `roles`', [], false)
 2 SYSTEMPATH\Model.php(286): CodeIgniter\Database\BaseBuilder->get()
 3 SYSTEMPATH\BaseModel.php(676): CodeIgniter\Model->doFindAll(0, 0)
 4 APPPATH\Controllers\Register.php(14): CodeIgniter\BaseModel->findAll()
 5 SYSTEMPATH\CodeIgniter.php(933): App\Controllers\Register->index()
 6 SYSTEMPATH\CodeIgniter.php(509): CodeIgniter\CodeIgniter->runController(Object(App\Controllers\Register))
 7 SYSTEMPATH\CodeIgniter.php(355): CodeIgniter\CodeIgniter->handleRequest(null, Object(Config\Cache), false)
 8 SYSTEMPATH\Boot.php(325): CodeIgniter\CodeIgniter->run()
 9 SYSTEMPATH\Boot.php(67): CodeIgniter\Boot::runCodeIgniter(Object(CodeIgniter\CodeIgniter))
10 FCPATH\index.php(56): CodeIgniter\Boot::bootWeb(Object(Config\Paths))
11 SYSTEMPATH\rewrite.php(44): require_once('C:\\xampp25\\htdocs\\gestion_examen\\public\\index.php')
CRITICAL - 2025-01-08 20:50:04 --> [Caused by] CodeIgniter\Database\Exceptions\DatabaseException: Table 'gestion_examens.roles' doesn't exist
in SYSTEMPATH\Database\MySQLi\Connection.php on line 317.
 1 SYSTEMPATH\Database\BaseConnection.php(734): CodeIgniter\Database\MySQLi\Connection->execute('SELECT *
FROM `roles`')
 2 SYSTEMPATH\Database\BaseConnection.php(648): CodeIgniter\Database\BaseConnection->simpleQuery('SELECT *
FROM `roles`')
 3 SYSTEMPATH\Database\BaseBuilder.php(1644): CodeIgniter\Database\BaseConnection->query('SELECT *
FROM `roles`', [], false)
 4 SYSTEMPATH\Model.php(286): CodeIgniter\Database\BaseBuilder->get()
 5 SYSTEMPATH\BaseModel.php(676): CodeIgniter\Model->doFindAll(0, 0)
 6 APPPATH\Controllers\Register.php(14): CodeIgniter\BaseModel->findAll()
 7 SYSTEMPATH\CodeIgniter.php(933): App\Controllers\Register->index()
 8 SYSTEMPATH\CodeIgniter.php(509): CodeIgniter\CodeIgniter->runController(Object(App\Controllers\Register))
 9 SYSTEMPATH\CodeIgniter.php(355): CodeIgniter\CodeIgniter->handleRequest(null, Object(Config\Cache), false)
10 SYSTEMPATH\Boot.php(325): CodeIgniter\CodeIgniter->run()
11 SYSTEMPATH\Boot.php(67): CodeIgniter\Boot::runCodeIgniter(Object(CodeIgniter\CodeIgniter))
12 FCPATH\index.php(56): CodeIgniter\Boot::bootWeb(Object(Config\Paths))
13 SYSTEMPATH\rewrite.php(44): require_once('C:\\xampp25\\htdocs\\gestion_examen\\public\\index.php')
CRITICAL - 2025-01-08 20:50:04 --> [Caused by] mysqli_sql_exception: Table 'gestion_examens.roles' doesn't exist
in SYSTEMPATH\Database\MySQLi\Connection.php on line 312.
 1 SYSTEMPATH\Database\MySQLi\Connection.php(312): mysqli->query('SELECT *
FROM `roles`', 0)
 2 SYSTEMPATH\Database\BaseConnection.php(734): CodeIgniter\Database\MySQLi\Connection->execute('SELECT *
FROM `roles`')
 3 SYSTEMPATH\Database\BaseConnection.php(648): CodeIgniter\Database\BaseConnection->simpleQuery('SELECT *
FROM `roles`')
 4 SYSTEMPATH\Database\BaseBuilder.php(1644): CodeIgniter\Database\BaseConnection->query('SELECT *
FROM `roles`', [], false)
 5 SYSTEMPATH\Model.php(286): CodeIgniter\Database\BaseBuilder->get()
 6 SYSTEMPATH\BaseModel.php(676): CodeIgniter\Model->doFindAll(0, 0)
 7 APPPATH\Controllers\Register.php(14): CodeIgniter\BaseModel->findAll()
 8 SYSTEMPATH\CodeIgniter.php(933): App\Controllers\Register->index()
 9 SYSTEMPATH\CodeIgniter.php(509): CodeIgniter\CodeIgniter->runController(Object(App\Controllers\Register))
10 SYSTEMPATH\CodeIgniter.php(355): CodeIgniter\CodeIgniter->handleRequest(null, Object(Config\Cache), false)
11 SYSTEMPATH\Boot.php(325): CodeIgniter\CodeIgniter->run()
12 SYSTEMPATH\Boot.php(67): CodeIgniter\Boot::runCodeIgniter(Object(CodeIgniter\CodeIgniter))
13 FCPATH\index.php(56): CodeIgniter\Boot::bootWeb(Object(Config\Paths))
14 SYSTEMPATH\rewrite.php(44): require_once('C:\\xampp25\\htdocs\\gestion_examen\\public\\index.php')
ERROR - 2025-01-08 20:50:14 --> mysqli_sql_exception: Table 'gestion_examens.roles' doesn't exist in C:\xampp25\htdocs\gestion_examen\system\Database\MySQLi\Connection.php:312
Stack trace:
#0 C:\xampp25\htdocs\gestion_examen\system\Database\MySQLi\Connection.php(312): mysqli->query('SELECT *\nFROM `...', 0)
#1 C:\xampp25\htdocs\gestion_examen\system\Database\BaseConnection.php(734): CodeIgniter\Database\MySQLi\Connection->execute('SELECT *\nFROM `...')
#2 C:\xampp25\htdocs\gestion_examen\system\Database\BaseConnection.php(648): CodeIgniter\Database\BaseConnection->simpleQuery('SELECT *\nFROM `...')
#3 C:\xampp25\htdocs\gestion_examen\system\Database\BaseBuilder.php(1644): CodeIgniter\Database\BaseConnection->query('SELECT *\nFROM `...', Array, false)
#4 C:\xampp25\htdocs\gestion_examen\system\Model.php(286): CodeIgniter\Database\BaseBuilder->get()
#5 C:\xampp25\htdocs\gestion_examen\system\BaseModel.php(676): CodeIgniter\Model->doFindAll(0, 0)
#6 C:\xampp25\htdocs\gestion_examen\app\Controllers\Register.php(14): CodeIgniter\BaseModel->findAll()
#7 C:\xampp25\htdocs\gestion_examen\system\CodeIgniter.php(933): App\Controllers\Register->index()
#8 C:\xampp25\htdocs\gestion_examen\system\CodeIgniter.php(509): CodeIgniter\CodeIgniter->runController(Object(App\Controllers\Register))
#9 C:\xampp25\htdocs\gestion_examen\system\CodeIgniter.php(355): CodeIgniter\CodeIgniter->handleRequest(NULL, Object(Config\Cache), false)
#10 C:\xampp25\htdocs\gestion_examen\system\Boot.php(325): CodeIgniter\CodeIgniter->run()
#11 C:\xampp25\htdocs\gestion_examen\system\Boot.php(67): CodeIgniter\Boot::runCodeIgniter(Object(CodeIgniter\CodeIgniter))
#12 C:\xampp25\htdocs\gestion_examen\public\index.php(56): CodeIgniter\Boot::bootWeb(Object(Config\Paths))
#13 C:\xampp25\htdocs\gestion_examen\system\rewrite.php(44): require_once('C:\\xampp25\\htdo...')
#14 {main}
CRITICAL - 2025-01-08 20:50:14 --> CodeIgniter\Database\Exceptions\DatabaseException: Table 'gestion_examens.roles' doesn't exist
[Method: GET, Route: register]
in SYSTEMPATH\Database\BaseConnection.php on line 688.
 1 SYSTEMPATH\Database\BaseBuilder.php(1644): CodeIgniter\Database\BaseConnection->query('SELECT *
FROM `roles`', [], false)
 2 SYSTEMPATH\Model.php(286): CodeIgniter\Database\BaseBuilder->get()
 3 SYSTEMPATH\BaseModel.php(676): CodeIgniter\Model->doFindAll(0, 0)
 4 APPPATH\Controllers\Register.php(14): CodeIgniter\BaseModel->findAll()
 5 SYSTEMPATH\CodeIgniter.php(933): App\Controllers\Register->index()
 6 SYSTEMPATH\CodeIgniter.php(509): CodeIgniter\CodeIgniter->runController(Object(App\Controllers\Register))
 7 SYSTEMPATH\CodeIgniter.php(355): CodeIgniter\CodeIgniter->handleRequest(null, Object(Config\Cache), false)
 8 SYSTEMPATH\Boot.php(325): CodeIgniter\CodeIgniter->run()
 9 SYSTEMPATH\Boot.php(67): CodeIgniter\Boot::runCodeIgniter(Object(CodeIgniter\CodeIgniter))
10 FCPATH\index.php(56): CodeIgniter\Boot::bootWeb(Object(Config\Paths))
11 SYSTEMPATH\rewrite.php(44): require_once('C:\\xampp25\\htdocs\\gestion_examen\\public\\index.php')
CRITICAL - 2025-01-08 20:50:14 --> [Caused by] CodeIgniter\Database\Exceptions\DatabaseException: Table 'gestion_examens.roles' doesn't exist
in SYSTEMPATH\Database\MySQLi\Connection.php on line 317.
 1 SYSTEMPATH\Database\BaseConnection.php(734): CodeIgniter\Database\MySQLi\Connection->execute('SELECT *
FROM `roles`')
 2 SYSTEMPATH\Database\BaseConnection.php(648): CodeIgniter\Database\BaseConnection->simpleQuery('SELECT *
FROM `roles`')
 3 SYSTEMPATH\Database\BaseBuilder.php(1644): CodeIgniter\Database\BaseConnection->query('SELECT *
FROM `roles`', [], false)
 4 SYSTEMPATH\Model.php(286): CodeIgniter\Database\BaseBuilder->get()
 5 SYSTEMPATH\BaseModel.php(676): CodeIgniter\Model->doFindAll(0, 0)
 6 APPPATH\Controllers\Register.php(14): CodeIgniter\BaseModel->findAll()
 7 SYSTEMPATH\CodeIgniter.php(933): App\Controllers\Register->index()
 8 SYSTEMPATH\CodeIgniter.php(509): CodeIgniter\CodeIgniter->runController(Object(App\Controllers\Register))
 9 SYSTEMPATH\CodeIgniter.php(355): CodeIgniter\CodeIgniter->handleRequest(null, Object(Config\Cache), false)
10 SYSTEMPATH\Boot.php(325): CodeIgniter\CodeIgniter->run()
11 SYSTEMPATH\Boot.php(67): CodeIgniter\Boot::runCodeIgniter(Object(CodeIgniter\CodeIgniter))
12 FCPATH\index.php(56): CodeIgniter\Boot::bootWeb(Object(Config\Paths))
13 SYSTEMPATH\rewrite.php(44): require_once('C:\\xampp25\\htdocs\\gestion_examen\\public\\index.php')
CRITICAL - 2025-01-08 20:50:14 --> [Caused by] mysqli_sql_exception: Table 'gestion_examens.roles' doesn't exist
in SYSTEMPATH\Database\MySQLi\Connection.php on line 312.
 1 SYSTEMPATH\Database\MySQLi\Connection.php(312): mysqli->query('SELECT *
FROM `roles`', 0)
 2 SYSTEMPATH\Database\BaseConnection.php(734): CodeIgniter\Database\MySQLi\Connection->execute('SELECT *
FROM `roles`')
 3 SYSTEMPATH\Database\BaseConnection.php(648): CodeIgniter\Database\BaseConnection->simpleQuery('SELECT *
FROM `roles`')
 4 SYSTEMPATH\Database\BaseBuilder.php(1644): CodeIgniter\Database\BaseConnection->query('SELECT *
FROM `roles`', [], false)
 5 SYSTEMPATH\Model.php(286): CodeIgniter\Database\BaseBuilder->get()
 6 SYSTEMPATH\BaseModel.php(676): CodeIgniter\Model->doFindAll(0, 0)
 7 APPPATH\Controllers\Register.php(14): CodeIgniter\BaseModel->findAll()
 8 SYSTEMPATH\CodeIgniter.php(933): App\Controllers\Register->index()
 9 SYSTEMPATH\CodeIgniter.php(509): CodeIgniter\CodeIgniter->runController(Object(App\Controllers\Register))
10 SYSTEMPATH\CodeIgniter.php(355): CodeIgniter\CodeIgniter->handleRequest(null, Object(Config\Cache), false)
11 SYSTEMPATH\Boot.php(325): CodeIgniter\CodeIgniter->run()
12 SYSTEMPATH\Boot.php(67): CodeIgniter\Boot::runCodeIgniter(Object(CodeIgniter\CodeIgniter))
13 FCPATH\index.php(56): CodeIgniter\Boot::bootWeb(Object(Config\Paths))
14 SYSTEMPATH\rewrite.php(44): require_once('C:\\xampp25\\htdocs\\gestion_examen\\public\\index.php')
ERROR - 2025-01-08 20:50:15 --> mysqli_sql_exception: Table 'gestion_examens.roles' doesn't exist in C:\xampp25\htdocs\gestion_examen\system\Database\MySQLi\Connection.php:312
Stack trace:
#0 C:\xampp25\htdocs\gestion_examen\system\Database\MySQLi\Connection.php(312): mysqli->query('SELECT *\nFROM `...', 0)
#1 C:\xampp25\htdocs\gestion_examen\system\Database\BaseConnection.php(734): CodeIgniter\Database\MySQLi\Connection->execute('SELECT *\nFROM `...')
#2 C:\xampp25\htdocs\gestion_examen\system\Database\BaseConnection.php(648): CodeIgniter\Database\BaseConnection->simpleQuery('SELECT *\nFROM `...')
#3 C:\xampp25\htdocs\gestion_examen\system\Database\BaseBuilder.php(1644): CodeIgniter\Database\BaseConnection->query('SELECT *\nFROM `...', Array, false)
#4 C:\xampp25\htdocs\gestion_examen\system\Model.php(286): CodeIgniter\Database\BaseBuilder->get()
#5 C:\xampp25\htdocs\gestion_examen\system\BaseModel.php(676): CodeIgniter\Model->doFindAll(0, 0)
#6 C:\xampp25\htdocs\gestion_examen\app\Controllers\Register.php(14): CodeIgniter\BaseModel->findAll()
#7 C:\xampp25\htdocs\gestion_examen\system\CodeIgniter.php(933): App\Controllers\Register->index()
#8 C:\xampp25\htdocs\gestion_examen\system\CodeIgniter.php(509): CodeIgniter\CodeIgniter->runController(Object(App\Controllers\Register))
#9 C:\xampp25\htdocs\gestion_examen\system\CodeIgniter.php(355): CodeIgniter\CodeIgniter->handleRequest(NULL, Object(Config\Cache), false)
#10 C:\xampp25\htdocs\gestion_examen\system\Boot.php(325): CodeIgniter\CodeIgniter->run()
#11 C:\xampp25\htdocs\gestion_examen\system\Boot.php(67): CodeIgniter\Boot::runCodeIgniter(Object(CodeIgniter\CodeIgniter))
#12 C:\xampp25\htdocs\gestion_examen\public\index.php(56): CodeIgniter\Boot::bootWeb(Object(Config\Paths))
#13 C:\xampp25\htdocs\gestion_examen\system\rewrite.php(44): require_once('C:\\xampp25\\htdo...')
#14 {main}
CRITICAL - 2025-01-08 20:50:15 --> CodeIgniter\Database\Exceptions\DatabaseException: Table 'gestion_examens.roles' doesn't exist
[Method: GET, Route: register]
in SYSTEMPATH\Database\BaseConnection.php on line 688.
 1 SYSTEMPATH\Database\BaseBuilder.php(1644): CodeIgniter\Database\BaseConnection->query('SELECT *
FROM `roles`', [], false)
 2 SYSTEMPATH\Model.php(286): CodeIgniter\Database\BaseBuilder->get()
 3 SYSTEMPATH\BaseModel.php(676): CodeIgniter\Model->doFindAll(0, 0)
 4 APPPATH\Controllers\Register.php(14): CodeIgniter\BaseModel->findAll()
 5 SYSTEMPATH\CodeIgniter.php(933): App\Controllers\Register->index()
 6 SYSTEMPATH\CodeIgniter.php(509): CodeIgniter\CodeIgniter->runController(Object(App\Controllers\Register))
 7 SYSTEMPATH\CodeIgniter.php(355): CodeIgniter\CodeIgniter->handleRequest(null, Object(Config\Cache), false)
 8 SYSTEMPATH\Boot.php(325): CodeIgniter\CodeIgniter->run()
 9 SYSTEMPATH\Boot.php(67): CodeIgniter\Boot::runCodeIgniter(Object(CodeIgniter\CodeIgniter))
10 FCPATH\index.php(56): CodeIgniter\Boot::bootWeb(Object(Config\Paths))
11 SYSTEMPATH\rewrite.php(44): require_once('C:\\xampp25\\htdocs\\gestion_examen\\public\\index.php')
CRITICAL - 2025-01-08 20:50:15 --> [Caused by] CodeIgniter\Database\Exceptions\DatabaseException: Table 'gestion_examens.roles' doesn't exist
in SYSTEMPATH\Database\MySQLi\Connection.php on line 317.
 1 SYSTEMPATH\Database\BaseConnection.php(734): CodeIgniter\Database\MySQLi\Connection->execute('SELECT *
FROM `roles`')
 2 SYSTEMPATH\Database\BaseConnection.php(648): CodeIgniter\Database\BaseConnection->simpleQuery('SELECT *
FROM `roles`')
 3 SYSTEMPATH\Database\BaseBuilder.php(1644): CodeIgniter\Database\BaseConnection->query('SELECT *
FROM `roles`', [], false)
 4 SYSTEMPATH\Model.php(286): CodeIgniter\Database\BaseBuilder->get()
 5 SYSTEMPATH\BaseModel.php(676): CodeIgniter\Model->doFindAll(0, 0)
 6 APPPATH\Controllers\Register.php(14): CodeIgniter\BaseModel->findAll()
 7 SYSTEMPATH\CodeIgniter.php(933): App\Controllers\Register->index()
 8 SYSTEMPATH\CodeIgniter.php(509): CodeIgniter\CodeIgniter->runController(Object(App\Controllers\Register))
 9 SYSTEMPATH\CodeIgniter.php(355): CodeIgniter\CodeIgniter->handleRequest(null, Object(Config\Cache), false)
10 SYSTEMPATH\Boot.php(325): CodeIgniter\CodeIgniter->run()
11 SYSTEMPATH\Boot.php(67): CodeIgniter\Boot::runCodeIgniter(Object(CodeIgniter\CodeIgniter))
12 FCPATH\index.php(56): CodeIgniter\Boot::bootWeb(Object(Config\Paths))
13 SYSTEMPATH\rewrite.php(44): require_once('C:\\xampp25\\htdocs\\gestion_examen\\public\\index.php')
CRITICAL - 2025-01-08 20:50:15 --> [Caused by] mysqli_sql_exception: Table 'gestion_examens.roles' doesn't exist
in SYSTEMPATH\Database\MySQLi\Connection.php on line 312.
 1 SYSTEMPATH\Database\MySQLi\Connection.php(312): mysqli->query('SELECT *
FROM `roles`', 0)
 2 SYSTEMPATH\Database\BaseConnection.php(734): CodeIgniter\Database\MySQLi\Connection->execute('SELECT *
FROM `roles`')
 3 SYSTEMPATH\Database\BaseConnection.php(648): CodeIgniter\Database\BaseConnection->simpleQuery('SELECT *
FROM `roles`')
 4 SYSTEMPATH\Database\BaseBuilder.php(1644): CodeIgniter\Database\BaseConnection->query('SELECT *
FROM `roles`', [], false)
 5 SYSTEMPATH\Model.php(286): CodeIgniter\Database\BaseBuilder->get()
 6 SYSTEMPATH\BaseModel.php(676): CodeIgniter\Model->doFindAll(0, 0)
 7 APPPATH\Controllers\Register.php(14): CodeIgniter\BaseModel->findAll()
 8 SYSTEMPATH\CodeIgniter.php(933): App\Controllers\Register->index()
 9 SYSTEMPATH\CodeIgniter.php(509): CodeIgniter\CodeIgniter->runController(Object(App\Controllers\Register))
10 SYSTEMPATH\CodeIgniter.php(355): CodeIgniter\CodeIgniter->handleRequest(null, Object(Config\Cache), false)
11 SYSTEMPATH\Boot.php(325): CodeIgniter\CodeIgniter->run()
12 SYSTEMPATH\Boot.php(67): CodeIgniter\Boot::runCodeIgniter(Object(CodeIgniter\CodeIgniter))
13 FCPATH\index.php(56): CodeIgniter\Boot::bootWeb(Object(Config\Paths))
14 SYSTEMPATH\rewrite.php(44): require_once('C:\\xampp25\\htdocs\\gestion_examen\\public\\index.php')
CRITICAL - 2025-01-08 20:50:17 --> ErrorException: Trying to access array offset on value of type null
[Method: POST, Route: Login/authenticate]
in APPPATH\Controllers\Login.php on line 26.
 1 APPPATH\Controllers\Login.php(26): CodeIgniter\Debug\Exceptions->errorHandler(2, 'Trying to access array offset on value of type null', 'C:\\xampp25\\htdocs\\gestion_examen\\app\\Controllers\\Login.php', 26)
 2 SYSTEMPATH\CodeIgniter.php(933): App\Controllers\Login->authenticate()
 3 SYSTEMPATH\CodeIgniter.php(509): CodeIgniter\CodeIgniter->runController(Object(App\Controllers\Login))
 4 SYSTEMPATH\CodeIgniter.php(355): CodeIgniter\CodeIgniter->handleRequest(null, Object(Config\Cache), false)
 5 SYSTEMPATH\Boot.php(325): CodeIgniter\CodeIgniter->run()
 6 SYSTEMPATH\Boot.php(67): CodeIgniter\Boot::runCodeIgniter(Object(CodeIgniter\CodeIgniter))
 7 FCPATH\index.php(56): CodeIgniter\Boot::bootWeb(Object(Config\Paths))
 8 SYSTEMPATH\rewrite.php(44): require_once('C:\\xampp25\\htdocs\\gestion_examen\\public\\index.php')
ERROR - 2025-01-08 20:50:21 --> mysqli_sql_exception: Table 'gestion_examens.roles' doesn't exist in C:\xampp25\htdocs\gestion_examen\system\Database\MySQLi\Connection.php:312
Stack trace:
#0 C:\xampp25\htdocs\gestion_examen\system\Database\MySQLi\Connection.php(312): mysqli->query('SELECT *\nFROM `...', 0)
#1 C:\xampp25\htdocs\gestion_examen\system\Database\BaseConnection.php(734): CodeIgniter\Database\MySQLi\Connection->execute('SELECT *\nFROM `...')
#2 C:\xampp25\htdocs\gestion_examen\system\Database\BaseConnection.php(648): CodeIgniter\Database\BaseConnection->simpleQuery('SELECT *\nFROM `...')
#3 C:\xampp25\htdocs\gestion_examen\system\Database\BaseBuilder.php(1644): CodeIgniter\Database\BaseConnection->query('SELECT *\nFROM `...', Array, false)
#4 C:\xampp25\htdocs\gestion_examen\system\Model.php(286): CodeIgniter\Database\BaseBuilder->get()
#5 C:\xampp25\htdocs\gestion_examen\system\BaseModel.php(676): CodeIgniter\Model->doFindAll(0, 0)
#6 C:\xampp25\htdocs\gestion_examen\app\Controllers\Register.php(14): CodeIgniter\BaseModel->findAll()
#7 C:\xampp25\htdocs\gestion_examen\system\CodeIgniter.php(933): App\Controllers\Register->index()
#8 C:\xampp25\htdocs\gestion_examen\system\CodeIgniter.php(509): CodeIgniter\CodeIgniter->runController(Object(App\Controllers\Register))
#9 C:\xampp25\htdocs\gestion_examen\system\CodeIgniter.php(355): CodeIgniter\CodeIgniter->handleRequest(NULL, Object(Config\Cache), false)
#10 C:\xampp25\htdocs\gestion_examen\system\Boot.php(325): CodeIgniter\CodeIgniter->run()
#11 C:\xampp25\htdocs\gestion_examen\system\Boot.php(67): CodeIgniter\Boot::runCodeIgniter(Object(CodeIgniter\CodeIgniter))
#12 C:\xampp25\htdocs\gestion_examen\public\index.php(56): CodeIgniter\Boot::bootWeb(Object(Config\Paths))
#13 C:\xampp25\htdocs\gestion_examen\system\rewrite.php(44): require_once('C:\\xampp25\\htdo...')
#14 {main}
CRITICAL - 2025-01-08 20:50:21 --> CodeIgniter\Database\Exceptions\DatabaseException: Table 'gestion_examens.roles' doesn't exist
[Method: GET, Route: register]
in SYSTEMPATH\Database\BaseConnection.php on line 688.
 1 SYSTEMPATH\Database\BaseBuilder.php(1644): CodeIgniter\Database\BaseConnection->query('SELECT *
FROM `roles`', [], false)
 2 SYSTEMPATH\Model.php(286): CodeIgniter\Database\BaseBuilder->get()
 3 SYSTEMPATH\BaseModel.php(676): CodeIgniter\Model->doFindAll(0, 0)
 4 APPPATH\Controllers\Register.php(14): CodeIgniter\BaseModel->findAll()
 5 SYSTEMPATH\CodeIgniter.php(933): App\Controllers\Register->index()
 6 SYSTEMPATH\CodeIgniter.php(509): CodeIgniter\CodeIgniter->runController(Object(App\Controllers\Register))
 7 SYSTEMPATH\CodeIgniter.php(355): CodeIgniter\CodeIgniter->handleRequest(null, Object(Config\Cache), false)
 8 SYSTEMPATH\Boot.php(325): CodeIgniter\CodeIgniter->run()
 9 SYSTEMPATH\Boot.php(67): CodeIgniter\Boot::runCodeIgniter(Object(CodeIgniter\CodeIgniter))
10 FCPATH\index.php(56): CodeIgniter\Boot::bootWeb(Object(Config\Paths))
11 SYSTEMPATH\rewrite.php(44): require_once('C:\\xampp25\\htdocs\\gestion_examen\\public\\index.php')
CRITICAL - 2025-01-08 20:50:21 --> [Caused by] CodeIgniter\Database\Exceptions\DatabaseException: Table 'gestion_examens.roles' doesn't exist
in SYSTEMPATH\Database\MySQLi\Connection.php on line 317.
 1 SYSTEMPATH\Database\BaseConnection.php(734): CodeIgniter\Database\MySQLi\Connection->execute('SELECT *
FROM `roles`')
 2 SYSTEMPATH\Database\BaseConnection.php(648): CodeIgniter\Database\BaseConnection->simpleQuery('SELECT *
FROM `roles`')
 3 SYSTEMPATH\Database\BaseBuilder.php(1644): CodeIgniter\Database\BaseConnection->query('SELECT *
FROM `roles`', [], false)
 4 SYSTEMPATH\Model.php(286): CodeIgniter\Database\BaseBuilder->get()
 5 SYSTEMPATH\BaseModel.php(676): CodeIgniter\Model->doFindAll(0, 0)
 6 APPPATH\Controllers\Register.php(14): CodeIgniter\BaseModel->findAll()
 7 SYSTEMPATH\CodeIgniter.php(933): App\Controllers\Register->index()
 8 SYSTEMPATH\CodeIgniter.php(509): CodeIgniter\CodeIgniter->runController(Object(App\Controllers\Register))
 9 SYSTEMPATH\CodeIgniter.php(355): CodeIgniter\CodeIgniter->handleRequest(null, Object(Config\Cache), false)
10 SYSTEMPATH\Boot.php(325): CodeIgniter\CodeIgniter->run()
11 SYSTEMPATH\Boot.php(67): CodeIgniter\Boot::runCodeIgniter(Object(CodeIgniter\CodeIgniter))
12 FCPATH\index.php(56): CodeIgniter\Boot::bootWeb(Object(Config\Paths))
13 SYSTEMPATH\rewrite.php(44): require_once('C:\\xampp25\\htdocs\\gestion_examen\\public\\index.php')
CRITICAL - 2025-01-08 20:50:21 --> [Caused by] mysqli_sql_exception: Table 'gestion_examens.roles' doesn't exist
in SYSTEMPATH\Database\MySQLi\Connection.php on line 312.
 1 SYSTEMPATH\Database\MySQLi\Connection.php(312): mysqli->query('SELECT *
FROM `roles`', 0)
 2 SYSTEMPATH\Database\BaseConnection.php(734): CodeIgniter\Database\MySQLi\Connection->execute('SELECT *
FROM `roles`')
 3 SYSTEMPATH\Database\BaseConnection.php(648): CodeIgniter\Database\BaseConnection->simpleQuery('SELECT *
FROM `roles`')
 4 SYSTEMPATH\Database\BaseBuilder.php(1644): CodeIgniter\Database\BaseConnection->query('SELECT *
FROM `roles`', [], false)
 5 SYSTEMPATH\Model.php(286): CodeIgniter\Database\BaseBuilder->get()
 6 SYSTEMPATH\BaseModel.php(676): CodeIgniter\Model->doFindAll(0, 0)
 7 APPPATH\Controllers\Register.php(14): CodeIgniter\BaseModel->findAll()
 8 SYSTEMPATH\CodeIgniter.php(933): App\Controllers\Register->index()
 9 SYSTEMPATH\CodeIgniter.php(509): CodeIgniter\CodeIgniter->runController(Object(App\Controllers\Register))
10 SYSTEMPATH\CodeIgniter.php(355): CodeIgniter\CodeIgniter->handleRequest(null, Object(Config\Cache), false)
11 SYSTEMPATH\Boot.php(325): CodeIgniter\CodeIgniter->run()
12 SYSTEMPATH\Boot.php(67): CodeIgniter\Boot::runCodeIgniter(Object(CodeIgniter\CodeIgniter))
13 FCPATH\index.php(56): CodeIgniter\Boot::bootWeb(Object(Config\Paths))
14 SYSTEMPATH\rewrite.php(44): require_once('C:\\xampp25\\htdocs\\gestion_examen\\public\\index.php')
CRITICAL - 2025-01-08 20:52:15 --> ErrorException: Trying to access array offset on value of type null
[Method: POST, Route: Login/authenticate]
in APPPATH\Controllers\Login.php on line 26.
 1 APPPATH\Controllers\Login.php(26): CodeIgniter\Debug\Exceptions->errorHandler(2, 'Trying to access array offset on value of type null', 'C:\\xampp25\\htdocs\\gestion_examen\\app\\Controllers\\Login.php', 26)
 2 SYSTEMPATH\CodeIgniter.php(933): App\Controllers\Login->authenticate()
 3 SYSTEMPATH\CodeIgniter.php(509): CodeIgniter\CodeIgniter->runController(Object(App\Controllers\Login))
 4 SYSTEMPATH\CodeIgniter.php(355): CodeIgniter\CodeIgniter->handleRequest(null, Object(Config\Cache), false)
 5 SYSTEMPATH\Boot.php(325): CodeIgniter\CodeIgniter->run()
 6 SYSTEMPATH\Boot.php(67): CodeIgniter\Boot::runCodeIgniter(Object(CodeIgniter\CodeIgniter))
 7 FCPATH\index.php(56): CodeIgniter\Boot::bootWeb(Object(Config\Paths))
 8 SYSTEMPATH\rewrite.php(44): require_once('C:\\xampp25\\htdocs\\gestion_examen\\public\\index.php')
CRITICAL - 2025-01-08 20:58:09 --> ErrorException: Trying to access array offset on value of type null
[Method: POST, Route: Login/authenticate]
in APPPATH\Controllers\Login.php on line 26.
 1 APPPATH\Controllers\Login.php(26): CodeIgniter\Debug\Exceptions->errorHandler(2, 'Trying to access array offset on value of type null', 'C:\\xampp25\\htdocs\\gestion_examen\\app\\Controllers\\Login.php', 26)
 2 SYSTEMPATH\CodeIgniter.php(933): App\Controllers\Login->authenticate()
 3 SYSTEMPATH\CodeIgniter.php(509): CodeIgniter\CodeIgniter->runController(Object(App\Controllers\Login))
 4 SYSTEMPATH\CodeIgniter.php(355): CodeIgniter\CodeIgniter->handleRequest(null, Object(Config\Cache), false)
 5 SYSTEMPATH\Boot.php(325): CodeIgniter\CodeIgniter->run()
 6 SYSTEMPATH\Boot.php(67): CodeIgniter\Boot::runCodeIgniter(Object(CodeIgniter\CodeIgniter))
 7 FCPATH\index.php(56): CodeIgniter\Boot::bootWeb(Object(Config\Paths))
 8 SYSTEMPATH\rewrite.php(44): require_once('C:\\xampp25\\htdocs\\gestion_examen\\public\\index.php')
ERROR - 2025-01-08 21:06:08 --> mysqli_sql_exception: Table 'gestion_examens.notes' doesn't exist in C:\xampp25\htdocs\gestion_examen\system\Database\MySQLi\Connection.php:312
Stack trace:
#0 C:\xampp25\htdocs\gestion_examen\system\Database\MySQLi\Connection.php(312): mysqli->query('SELECT *\nFROM `...', 0)
#1 C:\xampp25\htdocs\gestion_examen\system\Database\BaseConnection.php(734): CodeIgniter\Database\MySQLi\Connection->execute('SELECT *\nFROM `...')
#2 C:\xampp25\htdocs\gestion_examen\system\Database\BaseConnection.php(648): CodeIgniter\Database\BaseConnection->simpleQuery('SELECT *\nFROM `...')
#3 C:\xampp25\htdocs\gestion_examen\system\Database\BaseBuilder.php(1644): CodeIgniter\Database\BaseConnection->query('SELECT *\nFROM `...', Array, false)
#4 C:\xampp25\htdocs\gestion_examen\system\Model.php(286): CodeIgniter\Database\BaseBuilder->get()
#5 C:\xampp25\htdocs\gestion_examen\system\BaseModel.php(676): CodeIgniter\Model->doFindAll(0, 0)
#6 C:\xampp25\htdocs\gestion_examen\app\Models\NotesModel.php(16): CodeIgniter\BaseModel->findAll()
#7 C:\xampp25\htdocs\gestion_examen\app\Controllers\DashboardEtud.php(20): App\Models\NotesModel->getNotesByEtudiant(NULL)
#8 C:\xampp25\htdocs\gestion_examen\system\CodeIgniter.php(933): App\Controllers\DashboardEtud->index()
#9 C:\xampp25\htdocs\gestion_examen\system\CodeIgniter.php(509): CodeIgniter\CodeIgniter->runController(Object(App\Controllers\DashboardEtud))
#10 C:\xampp25\htdocs\gestion_examen\system\CodeIgniter.php(355): CodeIgniter\CodeIgniter->handleRequest(NULL, Object(Config\Cache), false)
#11 C:\xampp25\htdocs\gestion_examen\system\Boot.php(325): CodeIgniter\CodeIgniter->run()
#12 C:\xampp25\htdocs\gestion_examen\system\Boot.php(67): CodeIgniter\Boot::runCodeIgniter(Object(CodeIgniter\CodeIgniter))
#13 C:\xampp25\htdocs\gestion_examen\public\index.php(56): CodeIgniter\Boot::bootWeb(Object(Config\Paths))
#14 C:\xampp25\htdocs\gestion_examen\system\rewrite.php(44): require_once('C:\\xampp25\\htdo...')
#15 {main}
CRITICAL - 2025-01-08 21:06:08 --> CodeIgniter\Database\Exceptions\DatabaseException: Table 'gestion_examens.notes' doesn't exist
[Method: GET, Route: Etudiant/dashboardEtudiant]
in SYSTEMPATH\Database\BaseConnection.php on line 688.
 1 SYSTEMPATH\Database\BaseBuilder.php(1644): CodeIgniter\Database\BaseConnection->query('SELECT *
FROM `notes`
WHERE `id_etudiant` IS NULL', [], false)
 2 SYSTEMPATH\Model.php(286): CodeIgniter\Database\BaseBuilder->get()
 3 SYSTEMPATH\BaseModel.php(676): CodeIgniter\Model->doFindAll(0, 0)
 4 APPPATH\Models\NotesModel.php(16): CodeIgniter\BaseModel->findAll()
 5 APPPATH\Controllers\DashboardEtud.php(20): App\Models\NotesModel->getNotesByEtudiant(null)
 6 SYSTEMPATH\CodeIgniter.php(933): App\Controllers\DashboardEtud->index()
 7 SYSTEMPATH\CodeIgniter.php(509): CodeIgniter\CodeIgniter->runController(Object(App\Controllers\DashboardEtud))
 8 SYSTEMPATH\CodeIgniter.php(355): CodeIgniter\CodeIgniter->handleRequest(null, Object(Config\Cache), false)
 9 SYSTEMPATH\Boot.php(325): CodeIgniter\CodeIgniter->run()
10 SYSTEMPATH\Boot.php(67): CodeIgniter\Boot::runCodeIgniter(Object(CodeIgniter\CodeIgniter))
11 FCPATH\index.php(56): CodeIgniter\Boot::bootWeb(Object(Config\Paths))
12 SYSTEMPATH\rewrite.php(44): require_once('C:\\xampp25\\htdocs\\gestion_examen\\public\\index.php')
CRITICAL - 2025-01-08 21:06:08 --> [Caused by] CodeIgniter\Database\Exceptions\DatabaseException: Table 'gestion_examens.notes' doesn't exist
in SYSTEMPATH\Database\MySQLi\Connection.php on line 317.
 1 SYSTEMPATH\Database\BaseConnection.php(734): CodeIgniter\Database\MySQLi\Connection->execute('SELECT *
FROM `notes`
WHERE `id_etudiant` IS NULL')
 2 SYSTEMPATH\Database\BaseConnection.php(648): CodeIgniter\Database\BaseConnection->simpleQuery('SELECT *
FROM `notes`
WHERE `id_etudiant` IS NULL')
 3 SYSTEMPATH\Database\BaseBuilder.php(1644): CodeIgniter\Database\BaseConnection->query('SELECT *
FROM `notes`
WHERE `id_etudiant` IS NULL', [], false)
 4 SYSTEMPATH\Model.php(286): CodeIgniter\Database\BaseBuilder->get()
 5 SYSTEMPATH\BaseModel.php(676): CodeIgniter\Model->doFindAll(0, 0)
 6 APPPATH\Models\NotesModel.php(16): CodeIgniter\BaseModel->findAll()
 7 APPPATH\Controllers\DashboardEtud.php(20): App\Models\NotesModel->getNotesByEtudiant(null)
 8 SYSTEMPATH\CodeIgniter.php(933): App\Controllers\DashboardEtud->index()
 9 SYSTEMPATH\CodeIgniter.php(509): CodeIgniter\CodeIgniter->runController(Object(App\Controllers\DashboardEtud))
10 SYSTEMPATH\CodeIgniter.php(355): CodeIgniter\CodeIgniter->handleRequest(null, Object(Config\Cache), false)
11 SYSTEMPATH\Boot.php(325): CodeIgniter\CodeIgniter->run()
12 SYSTEMPATH\Boot.php(67): CodeIgniter\Boot::runCodeIgniter(Object(CodeIgniter\CodeIgniter))
13 FCPATH\index.php(56): CodeIgniter\Boot::bootWeb(Object(Config\Paths))
14 SYSTEMPATH\rewrite.php(44): require_once('C:\\xampp25\\htdocs\\gestion_examen\\public\\index.php')
CRITICAL - 2025-01-08 21:06:08 --> [Caused by] mysqli_sql_exception: Table 'gestion_examens.notes' doesn't exist
in SYSTEMPATH\Database\MySQLi\Connection.php on line 312.
 1 SYSTEMPATH\Database\MySQLi\Connection.php(312): mysqli->query('SELECT *
FROM `notes`
WHERE `id_etudiant` IS NULL', 0)
 2 SYSTEMPATH\Database\BaseConnection.php(734): CodeIgniter\Database\MySQLi\Connection->execute('SELECT *
FROM `notes`
WHERE `id_etudiant` IS NULL')
 3 SYSTEMPATH\Database\BaseConnection.php(648): CodeIgniter\Database\BaseConnection->simpleQuery('SELECT *
FROM `notes`
WHERE `id_etudiant` IS NULL')
 4 SYSTEMPATH\Database\BaseBuilder.php(1644): CodeIgniter\Database\BaseConnection->query('SELECT *
FROM `notes`
WHERE `id_etudiant` IS NULL', [], false)
 5 SYSTEMPATH\Model.php(286): CodeIgniter\Database\BaseBuilder->get()
 6 SYSTEMPATH\BaseModel.php(676): CodeIgniter\Model->doFindAll(0, 0)
 7 APPPATH\Models\NotesModel.php(16): CodeIgniter\BaseModel->findAll()
 8 APPPATH\Controllers\DashboardEtud.php(20): App\Models\NotesModel->getNotesByEtudiant(null)
 9 SYSTEMPATH\CodeIgniter.php(933): App\Controllers\DashboardEtud->index()
10 SYSTEMPATH\CodeIgniter.php(509): CodeIgniter\CodeIgniter->runController(Object(App\Controllers\DashboardEtud))
11 SYSTEMPATH\CodeIgniter.php(355): CodeIgniter\CodeIgniter->handleRequest(null, Object(Config\Cache), false)
12 SYSTEMPATH\Boot.php(325): CodeIgniter\CodeIgniter->run()
13 SYSTEMPATH\Boot.php(67): CodeIgniter\Boot::runCodeIgniter(Object(CodeIgniter\CodeIgniter))
14 FCPATH\index.php(56): CodeIgniter\Boot::bootWeb(Object(Config\Paths))
15 SYSTEMPATH\rewrite.php(44): require_once('C:\\xampp25\\htdocs\\gestion_examen\\public\\index.php')
ERROR - 2025-01-08 21:06:12 --> mysqli_sql_exception: Table 'gestion_examens.notes' doesn't exist in C:\xampp25\htdocs\gestion_examen\system\Database\MySQLi\Connection.php:312
Stack trace:
#0 C:\xampp25\htdocs\gestion_examen\system\Database\MySQLi\Connection.php(312): mysqli->query('SELECT *\nFROM `...', 0)
#1 C:\xampp25\htdocs\gestion_examen\system\Database\BaseConnection.php(734): CodeIgniter\Database\MySQLi\Connection->execute('SELECT *\nFROM `...')
#2 C:\xampp25\htdocs\gestion_examen\system\Database\BaseConnection.php(648): CodeIgniter\Database\BaseConnection->simpleQuery('SELECT *\nFROM `...')
#3 C:\xampp25\htdocs\gestion_examen\system\Database\BaseBuilder.php(1644): CodeIgniter\Database\BaseConnection->query('SELECT *\nFROM `...', Array, false)
#4 C:\xampp25\htdocs\gestion_examen\system\Model.php(286): CodeIgniter\Database\BaseBuilder->get()
#5 C:\xampp25\htdocs\gestion_examen\system\BaseModel.php(676): CodeIgniter\Model->doFindAll(0, 0)
#6 C:\xampp25\htdocs\gestion_examen\app\Models\NotesModel.php(16): CodeIgniter\BaseModel->findAll()
#7 C:\xampp25\htdocs\gestion_examen\app\Controllers\DashboardEtud.php(20): App\Models\NotesModel->getNotesByEtudiant(NULL)
#8 C:\xampp25\htdocs\gestion_examen\system\CodeIgniter.php(933): App\Controllers\DashboardEtud->index()
#9 C:\xampp25\htdocs\gestion_examen\system\CodeIgniter.php(509): CodeIgniter\CodeIgniter->runController(Object(App\Controllers\DashboardEtud))
#10 C:\xampp25\htdocs\gestion_examen\system\CodeIgniter.php(355): CodeIgniter\CodeIgniter->handleRequest(NULL, Object(Config\Cache), false)
#11 C:\xampp25\htdocs\gestion_examen\system\Boot.php(325): CodeIgniter\CodeIgniter->run()
#12 C:\xampp25\htdocs\gestion_examen\system\Boot.php(67): CodeIgniter\Boot::runCodeIgniter(Object(CodeIgniter\CodeIgniter))
#13 C:\xampp25\htdocs\gestion_examen\public\index.php(56): CodeIgniter\Boot::bootWeb(Object(Config\Paths))
#14 C:\xampp25\htdocs\gestion_examen\system\rewrite.php(44): require_once('C:\\xampp25\\htdo...')
#15 {main}
CRITICAL - 2025-01-08 21:06:12 --> CodeIgniter\Database\Exceptions\DatabaseException: Table 'gestion_examens.notes' doesn't exist
[Method: GET, Route: Etudiant/dashboardEtudiant]
in SYSTEMPATH\Database\BaseConnection.php on line 688.
 1 SYSTEMPATH\Database\BaseBuilder.php(1644): CodeIgniter\Database\BaseConnection->query('SELECT *
FROM `notes`
WHERE `id_etudiant` IS NULL', [], false)
 2 SYSTEMPATH\Model.php(286): CodeIgniter\Database\BaseBuilder->get()
 3 SYSTEMPATH\BaseModel.php(676): CodeIgniter\Model->doFindAll(0, 0)
 4 APPPATH\Models\NotesModel.php(16): CodeIgniter\BaseModel->findAll()
 5 APPPATH\Controllers\DashboardEtud.php(20): App\Models\NotesModel->getNotesByEtudiant(null)
 6 SYSTEMPATH\CodeIgniter.php(933): App\Controllers\DashboardEtud->index()
 7 SYSTEMPATH\CodeIgniter.php(509): CodeIgniter\CodeIgniter->runController(Object(App\Controllers\DashboardEtud))
 8 SYSTEMPATH\CodeIgniter.php(355): CodeIgniter\CodeIgniter->handleRequest(null, Object(Config\Cache), false)
 9 SYSTEMPATH\Boot.php(325): CodeIgniter\CodeIgniter->run()
10 SYSTEMPATH\Boot.php(67): CodeIgniter\Boot::runCodeIgniter(Object(CodeIgniter\CodeIgniter))
11 FCPATH\index.php(56): CodeIgniter\Boot::bootWeb(Object(Config\Paths))
12 SYSTEMPATH\rewrite.php(44): require_once('C:\\xampp25\\htdocs\\gestion_examen\\public\\index.php')
CRITICAL - 2025-01-08 21:06:12 --> [Caused by] CodeIgniter\Database\Exceptions\DatabaseException: Table 'gestion_examens.notes' doesn't exist
in SYSTEMPATH\Database\MySQLi\Connection.php on line 317.
 1 SYSTEMPATH\Database\BaseConnection.php(734): CodeIgniter\Database\MySQLi\Connection->execute('SELECT *
FROM `notes`
WHERE `id_etudiant` IS NULL')
 2 SYSTEMPATH\Database\BaseConnection.php(648): CodeIgniter\Database\BaseConnection->simpleQuery('SELECT *
FROM `notes`
WHERE `id_etudiant` IS NULL')
 3 SYSTEMPATH\Database\BaseBuilder.php(1644): CodeIgniter\Database\BaseConnection->query('SELECT *
FROM `notes`
WHERE `id_etudiant` IS NULL', [], false)
 4 SYSTEMPATH\Model.php(286): CodeIgniter\Database\BaseBuilder->get()
 5 SYSTEMPATH\BaseModel.php(676): CodeIgniter\Model->doFindAll(0, 0)
 6 APPPATH\Models\NotesModel.php(16): CodeIgniter\BaseModel->findAll()
 7 APPPATH\Controllers\DashboardEtud.php(20): App\Models\NotesModel->getNotesByEtudiant(null)
 8 SYSTEMPATH\CodeIgniter.php(933): App\Controllers\DashboardEtud->index()
 9 SYSTEMPATH\CodeIgniter.php(509): CodeIgniter\CodeIgniter->runController(Object(App\Controllers\DashboardEtud))
10 SYSTEMPATH\CodeIgniter.php(355): CodeIgniter\CodeIgniter->handleRequest(null, Object(Config\Cache), false)
11 SYSTEMPATH\Boot.php(325): CodeIgniter\CodeIgniter->run()
12 SYSTEMPATH\Boot.php(67): CodeIgniter\Boot::runCodeIgniter(Object(CodeIgniter\CodeIgniter))
13 FCPATH\index.php(56): CodeIgniter\Boot::bootWeb(Object(Config\Paths))
14 SYSTEMPATH\rewrite.php(44): require_once('C:\\xampp25\\htdocs\\gestion_examen\\public\\index.php')
CRITICAL - 2025-01-08 21:06:12 --> [Caused by] mysqli_sql_exception: Table 'gestion_examens.notes' doesn't exist
in SYSTEMPATH\Database\MySQLi\Connection.php on line 312.
 1 SYSTEMPATH\Database\MySQLi\Connection.php(312): mysqli->query('SELECT *
FROM `notes`
WHERE `id_etudiant` IS NULL', 0)
 2 SYSTEMPATH\Database\BaseConnection.php(734): CodeIgniter\Database\MySQLi\Connection->execute('SELECT *
FROM `notes`
WHERE `id_etudiant` IS NULL')
 3 SYSTEMPATH\Database\BaseConnection.php(648): CodeIgniter\Database\BaseConnection->simpleQuery('SELECT *
FROM `notes`
WHERE `id_etudiant` IS NULL')
 4 SYSTEMPATH\Database\BaseBuilder.php(1644): CodeIgniter\Database\BaseConnection->query('SELECT *
FROM `notes`
WHERE `id_etudiant` IS NULL', [], false)
 5 SYSTEMPATH\Model.php(286): CodeIgniter\Database\BaseBuilder->get()
 6 SYSTEMPATH\BaseModel.php(676): CodeIgniter\Model->doFindAll(0, 0)
 7 APPPATH\Models\NotesModel.php(16): CodeIgniter\BaseModel->findAll()
 8 APPPATH\Controllers\DashboardEtud.php(20): App\Models\NotesModel->getNotesByEtudiant(null)
 9 SYSTEMPATH\CodeIgniter.php(933): App\Controllers\DashboardEtud->index()
10 SYSTEMPATH\CodeIgniter.php(509): CodeIgniter\CodeIgniter->runController(Object(App\Controllers\DashboardEtud))
11 SYSTEMPATH\CodeIgniter.php(355): CodeIgniter\CodeIgniter->handleRequest(null, Object(Config\Cache), false)
12 SYSTEMPATH\Boot.php(325): CodeIgniter\CodeIgniter->run()
13 SYSTEMPATH\Boot.php(67): CodeIgniter\Boot::runCodeIgniter(Object(CodeIgniter\CodeIgniter))
14 FCPATH\index.php(56): CodeIgniter\Boot::bootWeb(Object(Config\Paths))
15 SYSTEMPATH\rewrite.php(44): require_once('C:\\xampp25\\htdocs\\gestion_examen\\public\\index.php')
ERROR - 2025-01-08 21:07:35 --> mysqli_sql_exception: Table 'gestion_examens.notes' doesn't exist in C:\xampp25\htdocs\gestion_examen\system\Database\MySQLi\Connection.php:312
Stack trace:
#0 C:\xampp25\htdocs\gestion_examen\system\Database\MySQLi\Connection.php(312): mysqli->query('SELECT *\nFROM `...', 0)
#1 C:\xampp25\htdocs\gestion_examen\system\Database\BaseConnection.php(734): CodeIgniter\Database\MySQLi\Connection->execute('SELECT *\nFROM `...')
#2 C:\xampp25\htdocs\gestion_examen\system\Database\BaseConnection.php(648): CodeIgniter\Database\BaseConnection->simpleQuery('SELECT *\nFROM `...')
#3 C:\xampp25\htdocs\gestion_examen\system\Database\BaseBuilder.php(1644): CodeIgniter\Database\BaseConnection->query('SELECT *\nFROM `...', Array, false)
#4 C:\xampp25\htdocs\gestion_examen\system\Model.php(286): CodeIgniter\Database\BaseBuilder->get()
#5 C:\xampp25\htdocs\gestion_examen\system\BaseModel.php(676): CodeIgniter\Model->doFindAll(0, 0)
#6 C:\xampp25\htdocs\gestion_examen\app\Models\NotesModel.php(16): CodeIgniter\BaseModel->findAll()
#7 C:\xampp25\htdocs\gestion_examen\app\Controllers\DashboardEtud.php(17): App\Models\NotesModel->getNotesByEtudiant(NULL)
#8 C:\xampp25\htdocs\gestion_examen\system\CodeIgniter.php(933): App\Controllers\DashboardEtud->index()
#9 C:\xampp25\htdocs\gestion_examen\system\CodeIgniter.php(509): CodeIgniter\CodeIgniter->runController(Object(App\Controllers\DashboardEtud))
#10 C:\xampp25\htdocs\gestion_examen\system\CodeIgniter.php(355): CodeIgniter\CodeIgniter->handleRequest(NULL, Object(Config\Cache), false)
#11 C:\xampp25\htdocs\gestion_examen\system\Boot.php(325): CodeIgniter\CodeIgniter->run()
#12 C:\xampp25\htdocs\gestion_examen\system\Boot.php(67): CodeIgniter\Boot::runCodeIgniter(Object(CodeIgniter\CodeIgniter))
#13 C:\xampp25\htdocs\gestion_examen\public\index.php(56): CodeIgniter\Boot::bootWeb(Object(Config\Paths))
#14 C:\xampp25\htdocs\gestion_examen\system\rewrite.php(44): require_once('C:\\xampp25\\htdo...')
#15 {main}
CRITICAL - 2025-01-08 21:07:35 --> CodeIgniter\Database\Exceptions\DatabaseException: Table 'gestion_examens.notes' doesn't exist
[Method: GET, Route: Etudiant/dashboardEtudiant]
in SYSTEMPATH\Database\BaseConnection.php on line 688.
 1 SYSTEMPATH\Database\BaseBuilder.php(1644): CodeIgniter\Database\BaseConnection->query('SELECT *
FROM `notes`
WHERE `id_etudiant` IS NULL', [], false)
 2 SYSTEMPATH\Model.php(286): CodeIgniter\Database\BaseBuilder->get()
 3 SYSTEMPATH\BaseModel.php(676): CodeIgniter\Model->doFindAll(0, 0)
 4 APPPATH\Models\NotesModel.php(16): CodeIgniter\BaseModel->findAll()
 5 APPPATH\Controllers\DashboardEtud.php(17): App\Models\NotesModel->getNotesByEtudiant(null)
 6 SYSTEMPATH\CodeIgniter.php(933): App\Controllers\DashboardEtud->index()
 7 SYSTEMPATH\CodeIgniter.php(509): CodeIgniter\CodeIgniter->runController(Object(App\Controllers\DashboardEtud))
 8 SYSTEMPATH\CodeIgniter.php(355): CodeIgniter\CodeIgniter->handleRequest(null, Object(Config\Cache), false)
 9 SYSTEMPATH\Boot.php(325): CodeIgniter\CodeIgniter->run()
10 SYSTEMPATH\Boot.php(67): CodeIgniter\Boot::runCodeIgniter(Object(CodeIgniter\CodeIgniter))
11 FCPATH\index.php(56): CodeIgniter\Boot::bootWeb(Object(Config\Paths))
12 SYSTEMPATH\rewrite.php(44): require_once('C:\\xampp25\\htdocs\\gestion_examen\\public\\index.php')
CRITICAL - 2025-01-08 21:07:35 --> [Caused by] CodeIgniter\Database\Exceptions\DatabaseException: Table 'gestion_examens.notes' doesn't exist
in SYSTEMPATH\Database\MySQLi\Connection.php on line 317.
 1 SYSTEMPATH\Database\BaseConnection.php(734): CodeIgniter\Database\MySQLi\Connection->execute('SELECT *
FROM `notes`
WHERE `id_etudiant` IS NULL')
 2 SYSTEMPATH\Database\BaseConnection.php(648): CodeIgniter\Database\BaseConnection->simpleQuery('SELECT *
FROM `notes`
WHERE `id_etudiant` IS NULL')
 3 SYSTEMPATH\Database\BaseBuilder.php(1644): CodeIgniter\Database\BaseConnection->query('SELECT *
FROM `notes`
WHERE `id_etudiant` IS NULL', [], false)
 4 SYSTEMPATH\Model.php(286): CodeIgniter\Database\BaseBuilder->get()
 5 SYSTEMPATH\BaseModel.php(676): CodeIgniter\Model->doFindAll(0, 0)
 6 APPPATH\Models\NotesModel.php(16): CodeIgniter\BaseModel->findAll()
 7 APPPATH\Controllers\DashboardEtud.php(17): App\Models\NotesModel->getNotesByEtudiant(null)
 8 SYSTEMPATH\CodeIgniter.php(933): App\Controllers\DashboardEtud->index()
 9 SYSTEMPATH\CodeIgniter.php(509): CodeIgniter\CodeIgniter->runController(Object(App\Controllers\DashboardEtud))
10 SYSTEMPATH\CodeIgniter.php(355): CodeIgniter\CodeIgniter->handleRequest(null, Object(Config\Cache), false)
11 SYSTEMPATH\Boot.php(325): CodeIgniter\CodeIgniter->run()
12 SYSTEMPATH\Boot.php(67): CodeIgniter\Boot::runCodeIgniter(Object(CodeIgniter\CodeIgniter))
13 FCPATH\index.php(56): CodeIgniter\Boot::bootWeb(Object(Config\Paths))
14 SYSTEMPATH\rewrite.php(44): require_once('C:\\xampp25\\htdocs\\gestion_examen\\public\\index.php')
CRITICAL - 2025-01-08 21:07:35 --> [Caused by] mysqli_sql_exception: Table 'gestion_examens.notes' doesn't exist
in SYSTEMPATH\Database\MySQLi\Connection.php on line 312.
 1 SYSTEMPATH\Database\MySQLi\Connection.php(312): mysqli->query('SELECT *
FROM `notes`
WHERE `id_etudiant` IS NULL', 0)
 2 SYSTEMPATH\Database\BaseConnection.php(734): CodeIgniter\Database\MySQLi\Connection->execute('SELECT *
FROM `notes`
WHERE `id_etudiant` IS NULL')
 3 SYSTEMPATH\Database\BaseConnection.php(648): CodeIgniter\Database\BaseConnection->simpleQuery('SELECT *
FROM `notes`
WHERE `id_etudiant` IS NULL')
 4 SYSTEMPATH\Database\BaseBuilder.php(1644): CodeIgniter\Database\BaseConnection->query('SELECT *
FROM `notes`
WHERE `id_etudiant` IS NULL', [], false)
 5 SYSTEMPATH\Model.php(286): CodeIgniter\Database\BaseBuilder->get()
 6 SYSTEMPATH\BaseModel.php(676): CodeIgniter\Model->doFindAll(0, 0)
 7 APPPATH\Models\NotesModel.php(16): CodeIgniter\BaseModel->findAll()
 8 APPPATH\Controllers\DashboardEtud.php(17): App\Models\NotesModel->getNotesByEtudiant(null)
 9 SYSTEMPATH\CodeIgniter.php(933): App\Controllers\DashboardEtud->index()
10 SYSTEMPATH\CodeIgniter.php(509): CodeIgniter\CodeIgniter->runController(Object(App\Controllers\DashboardEtud))
11 SYSTEMPATH\CodeIgniter.php(355): CodeIgniter\CodeIgniter->handleRequest(null, Object(Config\Cache), false)
12 SYSTEMPATH\Boot.php(325): CodeIgniter\CodeIgniter->run()
13 SYSTEMPATH\Boot.php(67): CodeIgniter\Boot::runCodeIgniter(Object(CodeIgniter\CodeIgniter))
14 FCPATH\index.php(56): CodeIgniter\Boot::bootWeb(Object(Config\Paths))
15 SYSTEMPATH\rewrite.php(44): require_once('C:\\xampp25\\htdocs\\gestion_examen\\public\\index.php')
ERROR - 2025-01-08 21:07:36 --> mysqli_sql_exception: Table 'gestion_examens.notes' doesn't exist in C:\xampp25\htdocs\gestion_examen\system\Database\MySQLi\Connection.php:312
Stack trace:
#0 C:\xampp25\htdocs\gestion_examen\system\Database\MySQLi\Connection.php(312): mysqli->query('SELECT *\nFROM `...', 0)
#1 C:\xampp25\htdocs\gestion_examen\system\Database\BaseConnection.php(734): CodeIgniter\Database\MySQLi\Connection->execute('SELECT *\nFROM `...')
#2 C:\xampp25\htdocs\gestion_examen\system\Database\BaseConnection.php(648): CodeIgniter\Database\BaseConnection->simpleQuery('SELECT *\nFROM `...')
#3 C:\xampp25\htdocs\gestion_examen\system\Database\BaseBuilder.php(1644): CodeIgniter\Database\BaseConnection->query('SELECT *\nFROM `...', Array, false)
#4 C:\xampp25\htdocs\gestion_examen\system\Model.php(286): CodeIgniter\Database\BaseBuilder->get()
#5 C:\xampp25\htdocs\gestion_examen\system\BaseModel.php(676): CodeIgniter\Model->doFindAll(0, 0)
#6 C:\xampp25\htdocs\gestion_examen\app\Models\NotesModel.php(16): CodeIgniter\BaseModel->findAll()
#7 C:\xampp25\htdocs\gestion_examen\app\Controllers\DashboardEtud.php(17): App\Models\NotesModel->getNotesByEtudiant(NULL)
#8 C:\xampp25\htdocs\gestion_examen\system\CodeIgniter.php(933): App\Controllers\DashboardEtud->index()
#9 C:\xampp25\htdocs\gestion_examen\system\CodeIgniter.php(509): CodeIgniter\CodeIgniter->runController(Object(App\Controllers\DashboardEtud))
#10 C:\xampp25\htdocs\gestion_examen\system\CodeIgniter.php(355): CodeIgniter\CodeIgniter->handleRequest(NULL, Object(Config\Cache), false)
#11 C:\xampp25\htdocs\gestion_examen\system\Boot.php(325): CodeIgniter\CodeIgniter->run()
#12 C:\xampp25\htdocs\gestion_examen\system\Boot.php(67): CodeIgniter\Boot::runCodeIgniter(Object(CodeIgniter\CodeIgniter))
#13 C:\xampp25\htdocs\gestion_examen\public\index.php(56): CodeIgniter\Boot::bootWeb(Object(Config\Paths))
#14 C:\xampp25\htdocs\gestion_examen\system\rewrite.php(44): require_once('C:\\xampp25\\htdo...')
#15 {main}
CRITICAL - 2025-01-08 21:07:36 --> CodeIgniter\Database\Exceptions\DatabaseException: Table 'gestion_examens.notes' doesn't exist
[Method: GET, Route: Etudiant/dashboardEtudiant]
in SYSTEMPATH\Database\BaseConnection.php on line 688.
 1 SYSTEMPATH\Database\BaseBuilder.php(1644): CodeIgniter\Database\BaseConnection->query('SELECT *
FROM `notes`
WHERE `id_etudiant` IS NULL', [], false)
 2 SYSTEMPATH\Model.php(286): CodeIgniter\Database\BaseBuilder->get()
 3 SYSTEMPATH\BaseModel.php(676): CodeIgniter\Model->doFindAll(0, 0)
 4 APPPATH\Models\NotesModel.php(16): CodeIgniter\BaseModel->findAll()
 5 APPPATH\Controllers\DashboardEtud.php(17): App\Models\NotesModel->getNotesByEtudiant(null)
 6 SYSTEMPATH\CodeIgniter.php(933): App\Controllers\DashboardEtud->index()
 7 SYSTEMPATH\CodeIgniter.php(509): CodeIgniter\CodeIgniter->runController(Object(App\Controllers\DashboardEtud))
 8 SYSTEMPATH\CodeIgniter.php(355): CodeIgniter\CodeIgniter->handleRequest(null, Object(Config\Cache), false)
 9 SYSTEMPATH\Boot.php(325): CodeIgniter\CodeIgniter->run()
10 SYSTEMPATH\Boot.php(67): CodeIgniter\Boot::runCodeIgniter(Object(CodeIgniter\CodeIgniter))
11 FCPATH\index.php(56): CodeIgniter\Boot::bootWeb(Object(Config\Paths))
12 SYSTEMPATH\rewrite.php(44): require_once('C:\\xampp25\\htdocs\\gestion_examen\\public\\index.php')
CRITICAL - 2025-01-08 21:07:36 --> [Caused by] CodeIgniter\Database\Exceptions\DatabaseException: Table 'gestion_examens.notes' doesn't exist
in SYSTEMPATH\Database\MySQLi\Connection.php on line 317.
 1 SYSTEMPATH\Database\BaseConnection.php(734): CodeIgniter\Database\MySQLi\Connection->execute('SELECT *
FROM `notes`
WHERE `id_etudiant` IS NULL')
 2 SYSTEMPATH\Database\BaseConnection.php(648): CodeIgniter\Database\BaseConnection->simpleQuery('SELECT *
FROM `notes`
WHERE `id_etudiant` IS NULL')
 3 SYSTEMPATH\Database\BaseBuilder.php(1644): CodeIgniter\Database\BaseConnection->query('SELECT *
FROM `notes`
WHERE `id_etudiant` IS NULL', [], false)
 4 SYSTEMPATH\Model.php(286): CodeIgniter\Database\BaseBuilder->get()
 5 SYSTEMPATH\BaseModel.php(676): CodeIgniter\Model->doFindAll(0, 0)
 6 APPPATH\Models\NotesModel.php(16): CodeIgniter\BaseModel->findAll()
 7 APPPATH\Controllers\DashboardEtud.php(17): App\Models\NotesModel->getNotesByEtudiant(null)
 8 SYSTEMPATH\CodeIgniter.php(933): App\Controllers\DashboardEtud->index()
 9 SYSTEMPATH\CodeIgniter.php(509): CodeIgniter\CodeIgniter->runController(Object(App\Controllers\DashboardEtud))
10 SYSTEMPATH\CodeIgniter.php(355): CodeIgniter\CodeIgniter->handleRequest(null, Object(Config\Cache), false)
11 SYSTEMPATH\Boot.php(325): CodeIgniter\CodeIgniter->run()
12 SYSTEMPATH\Boot.php(67): CodeIgniter\Boot::runCodeIgniter(Object(CodeIgniter\CodeIgniter))
13 FCPATH\index.php(56): CodeIgniter\Boot::bootWeb(Object(Config\Paths))
14 SYSTEMPATH\rewrite.php(44): require_once('C:\\xampp25\\htdocs\\gestion_examen\\public\\index.php')
CRITICAL - 2025-01-08 21:07:36 --> [Caused by] mysqli_sql_exception: Table 'gestion_examens.notes' doesn't exist
in SYSTEMPATH\Database\MySQLi\Connection.php on line 312.
 1 SYSTEMPATH\Database\MySQLi\Connection.php(312): mysqli->query('SELECT *
FROM `notes`
WHERE `id_etudiant` IS NULL', 0)
 2 SYSTEMPATH\Database\BaseConnection.php(734): CodeIgniter\Database\MySQLi\Connection->execute('SELECT *
FROM `notes`
WHERE `id_etudiant` IS NULL')
 3 SYSTEMPATH\Database\BaseConnection.php(648): CodeIgniter\Database\BaseConnection->simpleQuery('SELECT *
FROM `notes`
WHERE `id_etudiant` IS NULL')
 4 SYSTEMPATH\Database\BaseBuilder.php(1644): CodeIgniter\Database\BaseConnection->query('SELECT *
FROM `notes`
WHERE `id_etudiant` IS NULL', [], false)
 5 SYSTEMPATH\Model.php(286): CodeIgniter\Database\BaseBuilder->get()
 6 SYSTEMPATH\BaseModel.php(676): CodeIgniter\Model->doFindAll(0, 0)
 7 APPPATH\Models\NotesModel.php(16): CodeIgniter\BaseModel->findAll()
 8 APPPATH\Controllers\DashboardEtud.php(17): App\Models\NotesModel->getNotesByEtudiant(null)
 9 SYSTEMPATH\CodeIgniter.php(933): App\Controllers\DashboardEtud->index()
10 SYSTEMPATH\CodeIgniter.php(509): CodeIgniter\CodeIgniter->runController(Object(App\Controllers\DashboardEtud))
11 SYSTEMPATH\CodeIgniter.php(355): CodeIgniter\CodeIgniter->handleRequest(null, Object(Config\Cache), false)
12 SYSTEMPATH\Boot.php(325): CodeIgniter\CodeIgniter->run()
13 SYSTEMPATH\Boot.php(67): CodeIgniter\Boot::runCodeIgniter(Object(CodeIgniter\CodeIgniter))
14 FCPATH\index.php(56): CodeIgniter\Boot::bootWeb(Object(Config\Paths))
15 SYSTEMPATH\rewrite.php(44): require_once('C:\\xampp25\\htdocs\\gestion_examen\\public\\index.php')
