ERROR - 2024-12-31 23:54:29 --> Error connecting to the database: mysqli_sql_exception: Aucune connexion n’a pu être établie car l’ordinateur cible l’a expressément refusée in C:\xampp25\htdocs\gestion_examens\system\Database\MySQLi\Connection.php:186
Stack trace:
#0 C:\xampp25\htdocs\gestion_examens\system\Database\MySQLi\Connection.php(186): mysqli->real_connect('localhost', 'root', Object(SensitiveParameterValue), 'gestion_examens', 3306, '', 0)
#1 C:\xampp25\htdocs\gestion_examens\system\Database\BaseConnection.php(421): CodeIgniter\Database\MySQLi\Connection->connect(false)
#2 C:\xampp25\htdocs\gestion_examens\system\Database\BaseConnection.php(616): CodeIgniter\Database\BaseConnection->initialize()
#3 C:\xampp25\htdocs\gestion_examens\system\Database\BaseBuilder.php(1644): CodeIgniter\Database\BaseConnection->query('SELECT *\nFROM `...', Array, false)
#4 C:\xampp25\htdocs\gestion_examens\system\Model.php(330): CodeIgniter\Database\BaseBuilder->get()
#5 C:\xampp25\htdocs\gestion_examens\system\BaseModel.php(714): CodeIgniter\Model->doFirst()
#6 C:\xampp25\htdocs\gestion_examens\app\Controllers\Login.php(23): CodeIgniter\BaseModel->first()
#7 C:\xampp25\htdocs\gestion_examens\system\CodeIgniter.php(933): App\Controllers\Login->authenticate()
#8 C:\xampp25\htdocs\gestion_examens\system\CodeIgniter.php(509): CodeIgniter\CodeIgniter->runController(Object(App\Controllers\Login))
#9 C:\xampp25\htdocs\gestion_examens\system\CodeIgniter.php(355): CodeIgniter\CodeIgniter->handleRequest(NULL, Object(Config\Cache), false)
#10 C:\xampp25\htdocs\gestion_examens\system\Boot.php(325): CodeIgniter\CodeIgniter->run()
#11 C:\xampp25\htdocs\gestion_examens\system\Boot.php(67): CodeIgniter\Boot::runCodeIgniter(Object(CodeIgniter\CodeIgniter))
#12 C:\xampp25\htdocs\gestion_examens\public\index.php(56): CodeIgniter\Boot::bootWeb(Object(Config\Paths))
#13 C:\xampp25\htdocs\gestion_examens\system\rewrite.php(44): require_once('C:\\xampp25\\htdo...')
#14 {main}

Next CodeIgniter\Database\Exceptions\DatabaseException: Aucune connexion n’a pu être établie car l’ordinateur cible l’a expressément refusée in C:\xampp25\htdocs\gestion_examens\system\Database\MySQLi\Connection.php:231
Stack trace:
#0 C:\xampp25\htdocs\gestion_examens\system\Database\BaseConnection.php(421): CodeIgniter\Database\MySQLi\Connection->connect(false)
#1 C:\xampp25\htdocs\gestion_examens\system\Database\BaseConnection.php(616): CodeIgniter\Database\BaseConnection->initialize()
#2 C:\xampp25\htdocs\gestion_examens\system\Database\BaseBuilder.php(1644): CodeIgniter\Database\BaseConnection->query('SELECT *\nFROM `...', Array, false)
#3 C:\xampp25\htdocs\gestion_examens\system\Model.php(330): CodeIgniter\Database\BaseBuilder->get()
#4 C:\xampp25\htdocs\gestion_examens\system\BaseModel.php(714): CodeIgniter\Model->doFirst()
#5 C:\xampp25\htdocs\gestion_examens\app\Controllers\Login.php(23): CodeIgniter\BaseModel->first()
#6 C:\xampp25\htdocs\gestion_examens\system\CodeIgniter.php(933): App\Controllers\Login->authenticate()
#7 C:\xampp25\htdocs\gestion_examens\system\CodeIgniter.php(509): CodeIgniter\CodeIgniter->runController(Object(App\Controllers\Login))
#8 C:\xampp25\htdocs\gestion_examens\system\CodeIgniter.php(355): CodeIgniter\CodeIgniter->handleRequest(NULL, Object(Config\Cache), false)
#9 C:\xampp25\htdocs\gestion_examens\system\Boot.php(325): CodeIgniter\CodeIgniter->run()
#10 C:\xampp25\htdocs\gestion_examens\system\Boot.php(67): CodeIgniter\Boot::runCodeIgniter(Object(CodeIgniter\CodeIgniter))
#11 C:\xampp25\htdocs\gestion_examens\public\index.php(56): CodeIgniter\Boot::bootWeb(Object(Config\Paths))
#12 C:\xampp25\htdocs\gestion_examens\system\rewrite.php(44): require_once('C:\\xampp25\\htdo...')
#13 {main}
CRITICAL - 2024-12-31 23:54:29 --> CodeIgniter\Database\Exceptions\DatabaseException: Unable to connect to the database.
Main connection [MySQLi]: Aucune connexion n’a pu être établie car l’ordinateur cible l’a expressément refusée
[Method: POST, Route: Login/authenticate]
in SYSTEMPATH\Database\BaseConnection.php on line 467.
 1 SYSTEMPATH\Database\BaseConnection.php(616): CodeIgniter\Database\BaseConnection->initialize()
 2 SYSTEMPATH\Database\BaseBuilder.php(1644): CodeIgniter\Database\BaseConnection->query('SELECT *
FROM `comptes`
WHERE `username` = :username:
 LIMIT 1', [...], false)
 3 SYSTEMPATH\Model.php(330): CodeIgniter\Database\BaseBuilder->get()
 4 SYSTEMPATH\BaseModel.php(714): CodeIgniter\Model->doFirst()
 5 APPPATH\Controllers\Login.php(23): CodeIgniter\BaseModel->first()
 6 SYSTEMPATH\CodeIgniter.php(933): App\Controllers\Login->authenticate()
 7 SYSTEMPATH\CodeIgniter.php(509): CodeIgniter\CodeIgniter->runController(Object(App\Controllers\Login))
 8 SYSTEMPATH\CodeIgniter.php(355): CodeIgniter\CodeIgniter->handleRequest(null, Object(Config\Cache), false)
 9 SYSTEMPATH\Boot.php(325): CodeIgniter\CodeIgniter->run()
10 SYSTEMPATH\Boot.php(67): CodeIgniter\Boot::runCodeIgniter(Object(CodeIgniter\CodeIgniter))
11 FCPATH\index.php(56): CodeIgniter\Boot::bootWeb(Object(Config\Paths))
12 SYSTEMPATH\rewrite.php(44): require_once('C:\\xampp25\\htdocs\\gestion_examens\\public\\index.php')
ERROR - 2024-12-31 23:54:45 --> Error connecting to the database: mysqli_sql_exception: Aucune connexion n’a pu être établie car l’ordinateur cible l’a expressément refusée in C:\xampp25\htdocs\gestion_examens\system\Database\MySQLi\Connection.php:186
Stack trace:
#0 C:\xampp25\htdocs\gestion_examens\system\Database\MySQLi\Connection.php(186): mysqli->real_connect('localhost', 'root', Object(SensitiveParameterValue), 'gestion_examens', 3306, '', 0)
#1 C:\xampp25\htdocs\gestion_examens\system\Database\BaseConnection.php(421): CodeIgniter\Database\MySQLi\Connection->connect(false)
#2 C:\xampp25\htdocs\gestion_examens\system\Database\BaseConnection.php(616): CodeIgniter\Database\BaseConnection->initialize()
#3 C:\xampp25\htdocs\gestion_examens\system\Database\BaseBuilder.php(1644): CodeIgniter\Database\BaseConnection->query('SELECT *\nFROM `...', Array, false)
#4 C:\xampp25\htdocs\gestion_examens\system\Model.php(286): CodeIgniter\Database\BaseBuilder->get()
#5 C:\xampp25\htdocs\gestion_examens\system\BaseModel.php(676): CodeIgniter\Model->doFindAll(0, 0)
#6 C:\xampp25\htdocs\gestion_examens\app\Controllers\Register.php(14): CodeIgniter\BaseModel->findAll()
#7 C:\xampp25\htdocs\gestion_examens\system\CodeIgniter.php(933): App\Controllers\Register->index()
#8 C:\xampp25\htdocs\gestion_examens\system\CodeIgniter.php(509): CodeIgniter\CodeIgniter->runController(Object(App\Controllers\Register))
#9 C:\xampp25\htdocs\gestion_examens\system\CodeIgniter.php(355): CodeIgniter\CodeIgniter->handleRequest(NULL, Object(Config\Cache), false)
#10 C:\xampp25\htdocs\gestion_examens\system\Boot.php(325): CodeIgniter\CodeIgniter->run()
#11 C:\xampp25\htdocs\gestion_examens\system\Boot.php(67): CodeIgniter\Boot::runCodeIgniter(Object(CodeIgniter\CodeIgniter))
#12 C:\xampp25\htdocs\gestion_examens\public\index.php(56): CodeIgniter\Boot::bootWeb(Object(Config\Paths))
#13 C:\xampp25\htdocs\gestion_examens\system\rewrite.php(44): require_once('C:\\xampp25\\htdo...')
#14 {main}

Next CodeIgniter\Database\Exceptions\DatabaseException: Aucune connexion n’a pu être établie car l’ordinateur cible l’a expressément refusée in C:\xampp25\htdocs\gestion_examens\system\Database\MySQLi\Connection.php:231
Stack trace:
#0 C:\xampp25\htdocs\gestion_examens\system\Database\BaseConnection.php(421): CodeIgniter\Database\MySQLi\Connection->connect(false)
#1 C:\xampp25\htdocs\gestion_examens\system\Database\BaseConnection.php(616): CodeIgniter\Database\BaseConnection->initialize()
#2 C:\xampp25\htdocs\gestion_examens\system\Database\BaseBuilder.php(1644): CodeIgniter\Database\BaseConnection->query('SELECT *\nFROM `...', Array, false)
#3 C:\xampp25\htdocs\gestion_examens\system\Model.php(286): CodeIgniter\Database\BaseBuilder->get()
#4 C:\xampp25\htdocs\gestion_examens\system\BaseModel.php(676): CodeIgniter\Model->doFindAll(0, 0)
#5 C:\xampp25\htdocs\gestion_examens\app\Controllers\Register.php(14): CodeIgniter\BaseModel->findAll()
#6 C:\xampp25\htdocs\gestion_examens\system\CodeIgniter.php(933): App\Controllers\Register->index()
#7 C:\xampp25\htdocs\gestion_examens\system\CodeIgniter.php(509): CodeIgniter\CodeIgniter->runController(Object(App\Controllers\Register))
#8 C:\xampp25\htdocs\gestion_examens\system\CodeIgniter.php(355): CodeIgniter\CodeIgniter->handleRequest(NULL, Object(Config\Cache), false)
#9 C:\xampp25\htdocs\gestion_examens\system\Boot.php(325): CodeIgniter\CodeIgniter->run()
#10 C:\xampp25\htdocs\gestion_examens\system\Boot.php(67): CodeIgniter\Boot::runCodeIgniter(Object(CodeIgniter\CodeIgniter))
#11 C:\xampp25\htdocs\gestion_examens\public\index.php(56): CodeIgniter\Boot::bootWeb(Object(Config\Paths))
#12 C:\xampp25\htdocs\gestion_examens\system\rewrite.php(44): require_once('C:\\xampp25\\htdo...')
#13 {main}
CRITICAL - 2024-12-31 23:54:45 --> CodeIgniter\Database\Exceptions\DatabaseException: Unable to connect to the database.
Main connection [MySQLi]: Aucune connexion n’a pu être établie car l’ordinateur cible l’a expressément refusée
[Method: GET, Route: register]
in SYSTEMPATH\Database\BaseConnection.php on line 467.
 1 SYSTEMPATH\Database\BaseConnection.php(616): CodeIgniter\Database\BaseConnection->initialize()
 2 SYSTEMPATH\Database\BaseBuilder.php(1644): CodeIgniter\Database\BaseConnection->query('SELECT *
FROM `roles`', [], false)
 3 SYSTEMPATH\Model.php(286): CodeIgniter\Database\BaseBuilder->get()
 4 SYSTEMPATH\BaseModel.php(676): CodeIgniter\Model->doFindAll(0, 0)
 5 APPPATH\Controllers\Register.php(14): CodeIgniter\BaseModel->findAll()
 6 SYSTEMPATH\CodeIgniter.php(933): App\Controllers\Register->index()
 7 SYSTEMPATH\CodeIgniter.php(509): CodeIgniter\CodeIgniter->runController(Object(App\Controllers\Register))
 8 SYSTEMPATH\CodeIgniter.php(355): CodeIgniter\CodeIgniter->handleRequest(null, Object(Config\Cache), false)
 9 SYSTEMPATH\Boot.php(325): CodeIgniter\CodeIgniter->run()
10 SYSTEMPATH\Boot.php(67): CodeIgniter\Boot::runCodeIgniter(Object(CodeIgniter\CodeIgniter))
11 FCPATH\index.php(56): CodeIgniter\Boot::bootWeb(Object(Config\Paths))
12 SYSTEMPATH\rewrite.php(44): require_once('C:\\xampp25\\htdocs\\gestion_examens\\public\\index.php')
ERROR - 2024-12-31 23:54:52 --> Error connecting to the database: mysqli_sql_exception: Aucune connexion n’a pu être établie car l’ordinateur cible l’a expressément refusée in C:\xampp25\htdocs\gestion_examens\system\Database\MySQLi\Connection.php:186
Stack trace:
#0 C:\xampp25\htdocs\gestion_examens\system\Database\MySQLi\Connection.php(186): mysqli->real_connect('localhost', 'root', Object(SensitiveParameterValue), 'gestion_examens', 3306, '', 0)
#1 C:\xampp25\htdocs\gestion_examens\system\Database\BaseConnection.php(421): CodeIgniter\Database\MySQLi\Connection->connect(false)
#2 C:\xampp25\htdocs\gestion_examens\system\Database\BaseConnection.php(616): CodeIgniter\Database\BaseConnection->initialize()
#3 C:\xampp25\htdocs\gestion_examens\system\Database\BaseBuilder.php(1644): CodeIgniter\Database\BaseConnection->query('SELECT *\nFROM `...', Array, false)
#4 C:\xampp25\htdocs\gestion_examens\system\Model.php(286): CodeIgniter\Database\BaseBuilder->get()
#5 C:\xampp25\htdocs\gestion_examens\system\BaseModel.php(676): CodeIgniter\Model->doFindAll(0, 0)
#6 C:\xampp25\htdocs\gestion_examens\app\Controllers\Register.php(14): CodeIgniter\BaseModel->findAll()
#7 C:\xampp25\htdocs\gestion_examens\system\CodeIgniter.php(933): App\Controllers\Register->index()
#8 C:\xampp25\htdocs\gestion_examens\system\CodeIgniter.php(509): CodeIgniter\CodeIgniter->runController(Object(App\Controllers\Register))
#9 C:\xampp25\htdocs\gestion_examens\system\CodeIgniter.php(355): CodeIgniter\CodeIgniter->handleRequest(NULL, Object(Config\Cache), false)
#10 C:\xampp25\htdocs\gestion_examens\system\Boot.php(325): CodeIgniter\CodeIgniter->run()
#11 C:\xampp25\htdocs\gestion_examens\system\Boot.php(67): CodeIgniter\Boot::runCodeIgniter(Object(CodeIgniter\CodeIgniter))
#12 C:\xampp25\htdocs\gestion_examens\public\index.php(56): CodeIgniter\Boot::bootWeb(Object(Config\Paths))
#13 C:\xampp25\htdocs\gestion_examens\system\rewrite.php(44): require_once('C:\\xampp25\\htdo...')
#14 {main}

Next CodeIgniter\Database\Exceptions\DatabaseException: Aucune connexion n’a pu être établie car l’ordinateur cible l’a expressément refusée in C:\xampp25\htdocs\gestion_examens\system\Database\MySQLi\Connection.php:231
Stack trace:
#0 C:\xampp25\htdocs\gestion_examens\system\Database\BaseConnection.php(421): CodeIgniter\Database\MySQLi\Connection->connect(false)
#1 C:\xampp25\htdocs\gestion_examens\system\Database\BaseConnection.php(616): CodeIgniter\Database\BaseConnection->initialize()
#2 C:\xampp25\htdocs\gestion_examens\system\Database\BaseBuilder.php(1644): CodeIgniter\Database\BaseConnection->query('SELECT *\nFROM `...', Array, false)
#3 C:\xampp25\htdocs\gestion_examens\system\Model.php(286): CodeIgniter\Database\BaseBuilder->get()
#4 C:\xampp25\htdocs\gestion_examens\system\BaseModel.php(676): CodeIgniter\Model->doFindAll(0, 0)
#5 C:\xampp25\htdocs\gestion_examens\app\Controllers\Register.php(14): CodeIgniter\BaseModel->findAll()
#6 C:\xampp25\htdocs\gestion_examens\system\CodeIgniter.php(933): App\Controllers\Register->index()
#7 C:\xampp25\htdocs\gestion_examens\system\CodeIgniter.php(509): CodeIgniter\CodeIgniter->runController(Object(App\Controllers\Register))
#8 C:\xampp25\htdocs\gestion_examens\system\CodeIgniter.php(355): CodeIgniter\CodeIgniter->handleRequest(NULL, Object(Config\Cache), false)
#9 C:\xampp25\htdocs\gestion_examens\system\Boot.php(325): CodeIgniter\CodeIgniter->run()
#10 C:\xampp25\htdocs\gestion_examens\system\Boot.php(67): CodeIgniter\Boot::runCodeIgniter(Object(CodeIgniter\CodeIgniter))
#11 C:\xampp25\htdocs\gestion_examens\public\index.php(56): CodeIgniter\Boot::bootWeb(Object(Config\Paths))
#12 C:\xampp25\htdocs\gestion_examens\system\rewrite.php(44): require_once('C:\\xampp25\\htdo...')
#13 {main}
CRITICAL - 2024-12-31 23:54:52 --> CodeIgniter\Database\Exceptions\DatabaseException: Unable to connect to the database.
Main connection [MySQLi]: Aucune connexion n’a pu être établie car l’ordinateur cible l’a expressément refusée
[Method: GET, Route: register]
in SYSTEMPATH\Database\BaseConnection.php on line 467.
 1 SYSTEMPATH\Database\BaseConnection.php(616): CodeIgniter\Database\BaseConnection->initialize()
 2 SYSTEMPATH\Database\BaseBuilder.php(1644): CodeIgniter\Database\BaseConnection->query('SELECT *
FROM `roles`', [], false)
 3 SYSTEMPATH\Model.php(286): CodeIgniter\Database\BaseBuilder->get()
 4 SYSTEMPATH\BaseModel.php(676): CodeIgniter\Model->doFindAll(0, 0)
 5 APPPATH\Controllers\Register.php(14): CodeIgniter\BaseModel->findAll()
 6 SYSTEMPATH\CodeIgniter.php(933): App\Controllers\Register->index()
 7 SYSTEMPATH\CodeIgniter.php(509): CodeIgniter\CodeIgniter->runController(Object(App\Controllers\Register))
 8 SYSTEMPATH\CodeIgniter.php(355): CodeIgniter\CodeIgniter->handleRequest(null, Object(Config\Cache), false)
 9 SYSTEMPATH\Boot.php(325): CodeIgniter\CodeIgniter->run()
10 SYSTEMPATH\Boot.php(67): CodeIgniter\Boot::runCodeIgniter(Object(CodeIgniter\CodeIgniter))
11 FCPATH\index.php(56): CodeIgniter\Boot::bootWeb(Object(Config\Paths))
12 SYSTEMPATH\rewrite.php(44): require_once('C:\\xampp25\\htdocs\\gestion_examens\\public\\index.php')
ERROR - 2024-12-31 23:56:29 --> Error connecting to the database: mysqli_sql_exception: Aucune connexion n’a pu être établie car l’ordinateur cible l’a expressément refusée in C:\xampp25\htdocs\gestion_examens\system\Database\MySQLi\Connection.php:186
Stack trace:
#0 C:\xampp25\htdocs\gestion_examens\system\Database\MySQLi\Connection.php(186): mysqli->real_connect('localhost', 'root', Object(SensitiveParameterValue), 'gestion_examens', 3306, '', 0)
#1 C:\xampp25\htdocs\gestion_examens\system\Database\BaseConnection.php(421): CodeIgniter\Database\MySQLi\Connection->connect(false)
#2 C:\xampp25\htdocs\gestion_examens\system\Database\BaseConnection.php(616): CodeIgniter\Database\BaseConnection->initialize()
#3 C:\xampp25\htdocs\gestion_examens\system\Database\BaseBuilder.php(1644): CodeIgniter\Database\BaseConnection->query('SELECT *\nFROM `...', Array, false)
#4 C:\xampp25\htdocs\gestion_examens\system\Model.php(330): CodeIgniter\Database\BaseBuilder->get()
#5 C:\xampp25\htdocs\gestion_examens\system\BaseModel.php(714): CodeIgniter\Model->doFirst()
#6 C:\xampp25\htdocs\gestion_examens\app\Controllers\Login.php(23): CodeIgniter\BaseModel->first()
#7 C:\xampp25\htdocs\gestion_examens\system\CodeIgniter.php(933): App\Controllers\Login->authenticate()
#8 C:\xampp25\htdocs\gestion_examens\system\CodeIgniter.php(509): CodeIgniter\CodeIgniter->runController(Object(App\Controllers\Login))
#9 C:\xampp25\htdocs\gestion_examens\system\CodeIgniter.php(355): CodeIgniter\CodeIgniter->handleRequest(NULL, Object(Config\Cache), false)
#10 C:\xampp25\htdocs\gestion_examens\system\Boot.php(325): CodeIgniter\CodeIgniter->run()
#11 C:\xampp25\htdocs\gestion_examens\system\Boot.php(67): CodeIgniter\Boot::runCodeIgniter(Object(CodeIgniter\CodeIgniter))
#12 C:\xampp25\htdocs\gestion_examens\public\index.php(56): CodeIgniter\Boot::bootWeb(Object(Config\Paths))
#13 C:\xampp25\htdocs\gestion_examens\system\rewrite.php(44): require_once('C:\\xampp25\\htdo...')
#14 {main}

Next CodeIgniter\Database\Exceptions\DatabaseException: Aucune connexion n’a pu être établie car l’ordinateur cible l’a expressément refusée in C:\xampp25\htdocs\gestion_examens\system\Database\MySQLi\Connection.php:231
Stack trace:
#0 C:\xampp25\htdocs\gestion_examens\system\Database\BaseConnection.php(421): CodeIgniter\Database\MySQLi\Connection->connect(false)
#1 C:\xampp25\htdocs\gestion_examens\system\Database\BaseConnection.php(616): CodeIgniter\Database\BaseConnection->initialize()
#2 C:\xampp25\htdocs\gestion_examens\system\Database\BaseBuilder.php(1644): CodeIgniter\Database\BaseConnection->query('SELECT *\nFROM `...', Array, false)
#3 C:\xampp25\htdocs\gestion_examens\system\Model.php(330): CodeIgniter\Database\BaseBuilder->get()
#4 C:\xampp25\htdocs\gestion_examens\system\BaseModel.php(714): CodeIgniter\Model->doFirst()
#5 C:\xampp25\htdocs\gestion_examens\app\Controllers\Login.php(23): CodeIgniter\BaseModel->first()
#6 C:\xampp25\htdocs\gestion_examens\system\CodeIgniter.php(933): App\Controllers\Login->authenticate()
#7 C:\xampp25\htdocs\gestion_examens\system\CodeIgniter.php(509): CodeIgniter\CodeIgniter->runController(Object(App\Controllers\Login))
#8 C:\xampp25\htdocs\gestion_examens\system\CodeIgniter.php(355): CodeIgniter\CodeIgniter->handleRequest(NULL, Object(Config\Cache), false)
#9 C:\xampp25\htdocs\gestion_examens\system\Boot.php(325): CodeIgniter\CodeIgniter->run()
#10 C:\xampp25\htdocs\gestion_examens\system\Boot.php(67): CodeIgniter\Boot::runCodeIgniter(Object(CodeIgniter\CodeIgniter))
#11 C:\xampp25\htdocs\gestion_examens\public\index.php(56): CodeIgniter\Boot::bootWeb(Object(Config\Paths))
#12 C:\xampp25\htdocs\gestion_examens\system\rewrite.php(44): require_once('C:\\xampp25\\htdo...')
#13 {main}
CRITICAL - 2024-12-31 23:56:29 --> CodeIgniter\Database\Exceptions\DatabaseException: Unable to connect to the database.
Main connection [MySQLi]: Aucune connexion n’a pu être établie car l’ordinateur cible l’a expressément refusée
[Method: POST, Route: Login/authenticate]
in SYSTEMPATH\Database\BaseConnection.php on line 467.
 1 SYSTEMPATH\Database\BaseConnection.php(616): CodeIgniter\Database\BaseConnection->initialize()
 2 SYSTEMPATH\Database\BaseBuilder.php(1644): CodeIgniter\Database\BaseConnection->query('SELECT *
FROM `comptes`
WHERE `username` = :username:
 LIMIT 1', [...], false)
 3 SYSTEMPATH\Model.php(330): CodeIgniter\Database\BaseBuilder->get()
 4 SYSTEMPATH\BaseModel.php(714): CodeIgniter\Model->doFirst()
 5 APPPATH\Controllers\Login.php(23): CodeIgniter\BaseModel->first()
 6 SYSTEMPATH\CodeIgniter.php(933): App\Controllers\Login->authenticate()
 7 SYSTEMPATH\CodeIgniter.php(509): CodeIgniter\CodeIgniter->runController(Object(App\Controllers\Login))
 8 SYSTEMPATH\CodeIgniter.php(355): CodeIgniter\CodeIgniter->handleRequest(null, Object(Config\Cache), false)
 9 SYSTEMPATH\Boot.php(325): CodeIgniter\CodeIgniter->run()
10 SYSTEMPATH\Boot.php(67): CodeIgniter\Boot::runCodeIgniter(Object(CodeIgniter\CodeIgniter))
11 FCPATH\index.php(56): CodeIgniter\Boot::bootWeb(Object(Config\Paths))
12 SYSTEMPATH\rewrite.php(44): require_once('C:\\xampp25\\htdocs\\gestion_examens\\public\\index.php')
ERROR - 2024-12-31 23:56:36 --> Error connecting to the database: mysqli_sql_exception: Aucune connexion n’a pu être établie car l’ordinateur cible l’a expressément refusée in C:\xampp25\htdocs\gestion_examens\system\Database\MySQLi\Connection.php:186
Stack trace:
#0 C:\xampp25\htdocs\gestion_examens\system\Database\MySQLi\Connection.php(186): mysqli->real_connect('localhost', 'root', Object(SensitiveParameterValue), 'gestion_examens', 3306, '', 0)
#1 C:\xampp25\htdocs\gestion_examens\system\Database\BaseConnection.php(421): CodeIgniter\Database\MySQLi\Connection->connect(false)
#2 C:\xampp25\htdocs\gestion_examens\system\Database\BaseConnection.php(616): CodeIgniter\Database\BaseConnection->initialize()
#3 C:\xampp25\htdocs\gestion_examens\system\Database\BaseBuilder.php(1644): CodeIgniter\Database\BaseConnection->query('SELECT *\nFROM `...', Array, false)
#4 C:\xampp25\htdocs\gestion_examens\system\Model.php(286): CodeIgniter\Database\BaseBuilder->get()
#5 C:\xampp25\htdocs\gestion_examens\system\BaseModel.php(676): CodeIgniter\Model->doFindAll(0, 0)
#6 C:\xampp25\htdocs\gestion_examens\app\Controllers\Register.php(14): CodeIgniter\BaseModel->findAll()
#7 C:\xampp25\htdocs\gestion_examens\system\CodeIgniter.php(933): App\Controllers\Register->index()
#8 C:\xampp25\htdocs\gestion_examens\system\CodeIgniter.php(509): CodeIgniter\CodeIgniter->runController(Object(App\Controllers\Register))
#9 C:\xampp25\htdocs\gestion_examens\system\CodeIgniter.php(355): CodeIgniter\CodeIgniter->handleRequest(NULL, Object(Config\Cache), false)
#10 C:\xampp25\htdocs\gestion_examens\system\Boot.php(325): CodeIgniter\CodeIgniter->run()
#11 C:\xampp25\htdocs\gestion_examens\system\Boot.php(67): CodeIgniter\Boot::runCodeIgniter(Object(CodeIgniter\CodeIgniter))
#12 C:\xampp25\htdocs\gestion_examens\public\index.php(56): CodeIgniter\Boot::bootWeb(Object(Config\Paths))
#13 C:\xampp25\htdocs\gestion_examens\system\rewrite.php(44): require_once('C:\\xampp25\\htdo...')
#14 {main}

Next CodeIgniter\Database\Exceptions\DatabaseException: Aucune connexion n’a pu être établie car l’ordinateur cible l’a expressément refusée in C:\xampp25\htdocs\gestion_examens\system\Database\MySQLi\Connection.php:231
Stack trace:
#0 C:\xampp25\htdocs\gestion_examens\system\Database\BaseConnection.php(421): CodeIgniter\Database\MySQLi\Connection->connect(false)
#1 C:\xampp25\htdocs\gestion_examens\system\Database\BaseConnection.php(616): CodeIgniter\Database\BaseConnection->initialize()
#2 C:\xampp25\htdocs\gestion_examens\system\Database\BaseBuilder.php(1644): CodeIgniter\Database\BaseConnection->query('SELECT *\nFROM `...', Array, false)
#3 C:\xampp25\htdocs\gestion_examens\system\Model.php(286): CodeIgniter\Database\BaseBuilder->get()
#4 C:\xampp25\htdocs\gestion_examens\system\BaseModel.php(676): CodeIgniter\Model->doFindAll(0, 0)
#5 C:\xampp25\htdocs\gestion_examens\app\Controllers\Register.php(14): CodeIgniter\BaseModel->findAll()
#6 C:\xampp25\htdocs\gestion_examens\system\CodeIgniter.php(933): App\Controllers\Register->index()
#7 C:\xampp25\htdocs\gestion_examens\system\CodeIgniter.php(509): CodeIgniter\CodeIgniter->runController(Object(App\Controllers\Register))
#8 C:\xampp25\htdocs\gestion_examens\system\CodeIgniter.php(355): CodeIgniter\CodeIgniter->handleRequest(NULL, Object(Config\Cache), false)
#9 C:\xampp25\htdocs\gestion_examens\system\Boot.php(325): CodeIgniter\CodeIgniter->run()
#10 C:\xampp25\htdocs\gestion_examens\system\Boot.php(67): CodeIgniter\Boot::runCodeIgniter(Object(CodeIgniter\CodeIgniter))
#11 C:\xampp25\htdocs\gestion_examens\public\index.php(56): CodeIgniter\Boot::bootWeb(Object(Config\Paths))
#12 C:\xampp25\htdocs\gestion_examens\system\rewrite.php(44): require_once('C:\\xampp25\\htdo...')
#13 {main}
CRITICAL - 2024-12-31 23:56:36 --> CodeIgniter\Database\Exceptions\DatabaseException: Unable to connect to the database.
Main connection [MySQLi]: Aucune connexion n’a pu être établie car l’ordinateur cible l’a expressément refusée
[Method: GET, Route: register]
in SYSTEMPATH\Database\BaseConnection.php on line 467.
 1 SYSTEMPATH\Database\BaseConnection.php(616): CodeIgniter\Database\BaseConnection->initialize()
 2 SYSTEMPATH\Database\BaseBuilder.php(1644): CodeIgniter\Database\BaseConnection->query('SELECT *
FROM `roles`', [], false)
 3 SYSTEMPATH\Model.php(286): CodeIgniter\Database\BaseBuilder->get()
 4 SYSTEMPATH\BaseModel.php(676): CodeIgniter\Model->doFindAll(0, 0)
 5 APPPATH\Controllers\Register.php(14): CodeIgniter\BaseModel->findAll()
 6 SYSTEMPATH\CodeIgniter.php(933): App\Controllers\Register->index()
 7 SYSTEMPATH\CodeIgniter.php(509): CodeIgniter\CodeIgniter->runController(Object(App\Controllers\Register))
 8 SYSTEMPATH\CodeIgniter.php(355): CodeIgniter\CodeIgniter->handleRequest(null, Object(Config\Cache), false)
 9 SYSTEMPATH\Boot.php(325): CodeIgniter\CodeIgniter->run()
10 SYSTEMPATH\Boot.php(67): CodeIgniter\Boot::runCodeIgniter(Object(CodeIgniter\CodeIgniter))
11 FCPATH\index.php(56): CodeIgniter\Boot::bootWeb(Object(Config\Paths))
12 SYSTEMPATH\rewrite.php(44): require_once('C:\\xampp25\\htdocs\\gestion_examens\\public\\index.php')
ERROR - 2024-12-31 23:57:16 --> Error connecting to the database: mysqli_sql_exception: Aucune connexion n’a pu être établie car l’ordinateur cible l’a expressément refusée in C:\xampp25\htdocs\gestion_examens\system\Database\MySQLi\Connection.php:186
Stack trace:
#0 C:\xampp25\htdocs\gestion_examens\system\Database\MySQLi\Connection.php(186): mysqli->real_connect('localhost', 'root', Object(SensitiveParameterValue), 'gestion_examens', 3306, '', 0)
#1 C:\xampp25\htdocs\gestion_examens\system\Database\BaseConnection.php(421): CodeIgniter\Database\MySQLi\Connection->connect(false)
#2 C:\xampp25\htdocs\gestion_examens\system\Database\BaseConnection.php(616): CodeIgniter\Database\BaseConnection->initialize()
#3 C:\xampp25\htdocs\gestion_examens\system\Database\BaseBuilder.php(1644): CodeIgniter\Database\BaseConnection->query('SELECT *\nFROM `...', Array, false)
#4 C:\xampp25\htdocs\gestion_examens\system\Model.php(286): CodeIgniter\Database\BaseBuilder->get()
#5 C:\xampp25\htdocs\gestion_examens\system\BaseModel.php(676): CodeIgniter\Model->doFindAll(0, 0)
#6 C:\xampp25\htdocs\gestion_examens\app\Controllers\Register.php(14): CodeIgniter\BaseModel->findAll()
#7 C:\xampp25\htdocs\gestion_examens\system\CodeIgniter.php(933): App\Controllers\Register->index()
#8 C:\xampp25\htdocs\gestion_examens\system\CodeIgniter.php(509): CodeIgniter\CodeIgniter->runController(Object(App\Controllers\Register))
#9 C:\xampp25\htdocs\gestion_examens\system\CodeIgniter.php(355): CodeIgniter\CodeIgniter->handleRequest(NULL, Object(Config\Cache), false)
#10 C:\xampp25\htdocs\gestion_examens\system\Boot.php(325): CodeIgniter\CodeIgniter->run()
#11 C:\xampp25\htdocs\gestion_examens\system\Boot.php(67): CodeIgniter\Boot::runCodeIgniter(Object(CodeIgniter\CodeIgniter))
#12 C:\xampp25\htdocs\gestion_examens\public\index.php(56): CodeIgniter\Boot::bootWeb(Object(Config\Paths))
#13 C:\xampp25\htdocs\gestion_examens\system\rewrite.php(44): require_once('C:\\xampp25\\htdo...')
#14 {main}

Next CodeIgniter\Database\Exceptions\DatabaseException: Aucune connexion n’a pu être établie car l’ordinateur cible l’a expressément refusée in C:\xampp25\htdocs\gestion_examens\system\Database\MySQLi\Connection.php:231
Stack trace:
#0 C:\xampp25\htdocs\gestion_examens\system\Database\BaseConnection.php(421): CodeIgniter\Database\MySQLi\Connection->connect(false)
#1 C:\xampp25\htdocs\gestion_examens\system\Database\BaseConnection.php(616): CodeIgniter\Database\BaseConnection->initialize()
#2 C:\xampp25\htdocs\gestion_examens\system\Database\BaseBuilder.php(1644): CodeIgniter\Database\BaseConnection->query('SELECT *\nFROM `...', Array, false)
#3 C:\xampp25\htdocs\gestion_examens\system\Model.php(286): CodeIgniter\Database\BaseBuilder->get()
#4 C:\xampp25\htdocs\gestion_examens\system\BaseModel.php(676): CodeIgniter\Model->doFindAll(0, 0)
#5 C:\xampp25\htdocs\gestion_examens\app\Controllers\Register.php(14): CodeIgniter\BaseModel->findAll()
#6 C:\xampp25\htdocs\gestion_examens\system\CodeIgniter.php(933): App\Controllers\Register->index()
#7 C:\xampp25\htdocs\gestion_examens\system\CodeIgniter.php(509): CodeIgniter\CodeIgniter->runController(Object(App\Controllers\Register))
#8 C:\xampp25\htdocs\gestion_examens\system\CodeIgniter.php(355): CodeIgniter\CodeIgniter->handleRequest(NULL, Object(Config\Cache), false)
#9 C:\xampp25\htdocs\gestion_examens\system\Boot.php(325): CodeIgniter\CodeIgniter->run()
#10 C:\xampp25\htdocs\gestion_examens\system\Boot.php(67): CodeIgniter\Boot::runCodeIgniter(Object(CodeIgniter\CodeIgniter))
#11 C:\xampp25\htdocs\gestion_examens\public\index.php(56): CodeIgniter\Boot::bootWeb(Object(Config\Paths))
#12 C:\xampp25\htdocs\gestion_examens\system\rewrite.php(44): require_once('C:\\xampp25\\htdo...')
#13 {main}
CRITICAL - 2024-12-31 23:57:16 --> CodeIgniter\Database\Exceptions\DatabaseException: Unable to connect to the database.
Main connection [MySQLi]: Aucune connexion n’a pu être établie car l’ordinateur cible l’a expressément refusée
[Method: GET, Route: register]
in SYSTEMPATH\Database\BaseConnection.php on line 467.
 1 SYSTEMPATH\Database\BaseConnection.php(616): CodeIgniter\Database\BaseConnection->initialize()
 2 SYSTEMPATH\Database\BaseBuilder.php(1644): CodeIgniter\Database\BaseConnection->query('SELECT *
FROM `roles`', [], false)
 3 SYSTEMPATH\Model.php(286): CodeIgniter\Database\BaseBuilder->get()
 4 SYSTEMPATH\BaseModel.php(676): CodeIgniter\Model->doFindAll(0, 0)
 5 APPPATH\Controllers\Register.php(14): CodeIgniter\BaseModel->findAll()
 6 SYSTEMPATH\CodeIgniter.php(933): App\Controllers\Register->index()
 7 SYSTEMPATH\CodeIgniter.php(509): CodeIgniter\CodeIgniter->runController(Object(App\Controllers\Register))
 8 SYSTEMPATH\CodeIgniter.php(355): CodeIgniter\CodeIgniter->handleRequest(null, Object(Config\Cache), false)
 9 SYSTEMPATH\Boot.php(325): CodeIgniter\CodeIgniter->run()
10 SYSTEMPATH\Boot.php(67): CodeIgniter\Boot::runCodeIgniter(Object(CodeIgniter\CodeIgniter))
11 FCPATH\index.php(56): CodeIgniter\Boot::bootWeb(Object(Config\Paths))
12 SYSTEMPATH\rewrite.php(44): require_once('C:\\xampp25\\htdocs\\gestion_examens\\public\\index.php')
ERROR - 2024-12-31 23:58:24 --> Error connecting to the database: mysqli_sql_exception: Aucune connexion n’a pu être établie car l’ordinateur cible l’a expressément refusée in C:\xampp25\htdocs\gestion_examens\system\Database\MySQLi\Connection.php:186
Stack trace:
#0 C:\xampp25\htdocs\gestion_examens\system\Database\MySQLi\Connection.php(186): mysqli->real_connect('localhost', 'root', Object(SensitiveParameterValue), 'gestion_examens', 3306, '', 0)
#1 C:\xampp25\htdocs\gestion_examens\system\Database\BaseConnection.php(421): CodeIgniter\Database\MySQLi\Connection->connect(false)
#2 C:\xampp25\htdocs\gestion_examens\system\Database\BaseConnection.php(616): CodeIgniter\Database\BaseConnection->initialize()
#3 C:\xampp25\htdocs\gestion_examens\system\Database\BaseBuilder.php(1644): CodeIgniter\Database\BaseConnection->query('SELECT *\nFROM `...', Array, false)
#4 C:\xampp25\htdocs\gestion_examens\system\Model.php(286): CodeIgniter\Database\BaseBuilder->get()
#5 C:\xampp25\htdocs\gestion_examens\system\BaseModel.php(676): CodeIgniter\Model->doFindAll(0, 0)
#6 C:\xampp25\htdocs\gestion_examens\app\Controllers\Register.php(14): CodeIgniter\BaseModel->findAll()
#7 C:\xampp25\htdocs\gestion_examens\system\CodeIgniter.php(933): App\Controllers\Register->index()
#8 C:\xampp25\htdocs\gestion_examens\system\CodeIgniter.php(509): CodeIgniter\CodeIgniter->runController(Object(App\Controllers\Register))
#9 C:\xampp25\htdocs\gestion_examens\system\CodeIgniter.php(355): CodeIgniter\CodeIgniter->handleRequest(NULL, Object(Config\Cache), false)
#10 C:\xampp25\htdocs\gestion_examens\system\Boot.php(325): CodeIgniter\CodeIgniter->run()
#11 C:\xampp25\htdocs\gestion_examens\system\Boot.php(67): CodeIgniter\Boot::runCodeIgniter(Object(CodeIgniter\CodeIgniter))
#12 C:\xampp25\htdocs\gestion_examens\public\index.php(56): CodeIgniter\Boot::bootWeb(Object(Config\Paths))
#13 C:\xampp25\htdocs\gestion_examens\system\rewrite.php(44): require_once('C:\\xampp25\\htdo...')
#14 {main}

Next CodeIgniter\Database\Exceptions\DatabaseException: Aucune connexion n’a pu être établie car l’ordinateur cible l’a expressément refusée in C:\xampp25\htdocs\gestion_examens\system\Database\MySQLi\Connection.php:231
Stack trace:
#0 C:\xampp25\htdocs\gestion_examens\system\Database\BaseConnection.php(421): CodeIgniter\Database\MySQLi\Connection->connect(false)
#1 C:\xampp25\htdocs\gestion_examens\system\Database\BaseConnection.php(616): CodeIgniter\Database\BaseConnection->initialize()
#2 C:\xampp25\htdocs\gestion_examens\system\Database\BaseBuilder.php(1644): CodeIgniter\Database\BaseConnection->query('SELECT *\nFROM `...', Array, false)
#3 C:\xampp25\htdocs\gestion_examens\system\Model.php(286): CodeIgniter\Database\BaseBuilder->get()
#4 C:\xampp25\htdocs\gestion_examens\system\BaseModel.php(676): CodeIgniter\Model->doFindAll(0, 0)
#5 C:\xampp25\htdocs\gestion_examens\app\Controllers\Register.php(14): CodeIgniter\BaseModel->findAll()
#6 C:\xampp25\htdocs\gestion_examens\system\CodeIgniter.php(933): App\Controllers\Register->index()
#7 C:\xampp25\htdocs\gestion_examens\system\CodeIgniter.php(509): CodeIgniter\CodeIgniter->runController(Object(App\Controllers\Register))
#8 C:\xampp25\htdocs\gestion_examens\system\CodeIgniter.php(355): CodeIgniter\CodeIgniter->handleRequest(NULL, Object(Config\Cache), false)
#9 C:\xampp25\htdocs\gestion_examens\system\Boot.php(325): CodeIgniter\CodeIgniter->run()
#10 C:\xampp25\htdocs\gestion_examens\system\Boot.php(67): CodeIgniter\Boot::runCodeIgniter(Object(CodeIgniter\CodeIgniter))
#11 C:\xampp25\htdocs\gestion_examens\public\index.php(56): CodeIgniter\Boot::bootWeb(Object(Config\Paths))
#12 C:\xampp25\htdocs\gestion_examens\system\rewrite.php(44): require_once('C:\\xampp25\\htdo...')
#13 {main}
CRITICAL - 2024-12-31 23:58:24 --> CodeIgniter\Database\Exceptions\DatabaseException: Unable to connect to the database.
Main connection [MySQLi]: Aucune connexion n’a pu être établie car l’ordinateur cible l’a expressément refusée
[Method: GET, Route: register]
in SYSTEMPATH\Database\BaseConnection.php on line 467.
 1 SYSTEMPATH\Database\BaseConnection.php(616): CodeIgniter\Database\BaseConnection->initialize()
 2 SYSTEMPATH\Database\BaseBuilder.php(1644): CodeIgniter\Database\BaseConnection->query('SELECT *
FROM `roles`', [], false)
 3 SYSTEMPATH\Model.php(286): CodeIgniter\Database\BaseBuilder->get()
 4 SYSTEMPATH\BaseModel.php(676): CodeIgniter\Model->doFindAll(0, 0)
 5 APPPATH\Controllers\Register.php(14): CodeIgniter\BaseModel->findAll()
 6 SYSTEMPATH\CodeIgniter.php(933): App\Controllers\Register->index()
 7 SYSTEMPATH\CodeIgniter.php(509): CodeIgniter\CodeIgniter->runController(Object(App\Controllers\Register))
 8 SYSTEMPATH\CodeIgniter.php(355): CodeIgniter\CodeIgniter->handleRequest(null, Object(Config\Cache), false)
 9 SYSTEMPATH\Boot.php(325): CodeIgniter\CodeIgniter->run()
10 SYSTEMPATH\Boot.php(67): CodeIgniter\Boot::runCodeIgniter(Object(CodeIgniter\CodeIgniter))
11 FCPATH\index.php(56): CodeIgniter\Boot::bootWeb(Object(Config\Paths))
12 SYSTEMPATH\rewrite.php(44): require_once('C:\\xampp25\\htdocs\\gestion_examens\\public\\index.php')
