CRITICAL - 2025-01-15 12:31:31 --> ErrorException: Undefined array key "filiere_id"
[Method: GET, Route: admin/modules]
in APPPATH\Views\Admin\module.php on line 54.
 1 APPPATH\Views\Admin\module.php(54): CodeIgniter\Debug\Exceptions->errorHandler(2, 'Undefined array key "filiere_id"', 'C:\\xampp\\htdocs\\gestion_examens\\app\\Views\\Admin\\module.php', 54)
 2 SYSTEMPATH\View\View.php(234): include('C:\\xampp\\htdocs\\gestion_examens\\app\\Views\\Admin\\module.php')
 3 SYSTEMPATH\View\View.php(237): CodeIgniter\View\View->CodeIgniter\View\{closure}()
 4 SYSTEMPATH\Common.php(1171): CodeIgniter\View\View->render('Admin/module', [], true)
 5 APPPATH\Controllers\Modules.php(32): view('Admin/module', [...])
 6 SYSTEMPATH\CodeIgniter.php(933): App\Controllers\Modules->index()
 7 SYSTEMPATH\CodeIgniter.php(509): CodeIgniter\CodeIgniter->runController(Object(App\Controllers\Modules))
 8 SYSTEMPATH\CodeIgniter.php(355): CodeIgniter\CodeIgniter->handleRequest(null, Object(Config\Cache), false)
 9 SYSTEMPATH\Boot.php(325): CodeIgniter\CodeIgniter->run()
10 SYSTEMPATH\Boot.php(67): CodeIgniter\Boot::runCodeIgniter(Object(CodeIgniter\CodeIgniter))
11 FCPATH\index.php(56): CodeIgniter\Boot::bootWeb(Object(Config\Paths))
12 SYSTEMPATH\rewrite.php(44): require_once('C:\\xampp\\htdocs\\gestion_examens\\public\\index.php')
CRITICAL - 2025-01-15 12:34:20 --> ErrorException: Undefined array key "filiere_id"
[Method: GET, Route: admin/modules]
in APPPATH\Views\Admin\module.php on line 54.
 1 APPPATH\Views\Admin\module.php(54): CodeIgniter\Debug\Exceptions->errorHandler(2, 'Undefined array key "filiere_id"', 'C:\\xampp\\htdocs\\gestion_examens\\app\\Views\\Admin\\module.php', 54)
 2 SYSTEMPATH\View\View.php(234): include('C:\\xampp\\htdocs\\gestion_examens\\app\\Views\\Admin\\module.php')
 3 SYSTEMPATH\View\View.php(237): CodeIgniter\View\View->CodeIgniter\View\{closure}()
 4 SYSTEMPATH\Common.php(1171): CodeIgniter\View\View->render('Admin/module', [], true)
 5 APPPATH\Controllers\Modules.php(32): view('Admin/module', [...])
 6 SYSTEMPATH\CodeIgniter.php(933): App\Controllers\Modules->index()
 7 SYSTEMPATH\CodeIgniter.php(509): CodeIgniter\CodeIgniter->runController(Object(App\Controllers\Modules))
 8 SYSTEMPATH\CodeIgniter.php(355): CodeIgniter\CodeIgniter->handleRequest(null, Object(Config\Cache), false)
 9 SYSTEMPATH\Boot.php(325): CodeIgniter\CodeIgniter->run()
10 SYSTEMPATH\Boot.php(67): CodeIgniter\Boot::runCodeIgniter(Object(CodeIgniter\CodeIgniter))
11 FCPATH\index.php(56): CodeIgniter\Boot::bootWeb(Object(Config\Paths))
12 SYSTEMPATH\rewrite.php(44): require_once('C:\\xampp\\htdocs\\gestion_examens\\public\\index.php')
CRITICAL - 2025-01-15 21:13:29 --> ErrorException: Trying to access array offset on value of type null
[Method: POST, Route: Login/authenticate]
in APPPATH\Controllers\Login.php on line 26.
 1 APPPATH\Controllers\Login.php(26): CodeIgniter\Debug\Exceptions->errorHandler()
 2 SYSTEMPATH\CodeIgniter.php(933): App\Controllers\Login->authenticate()
 3 SYSTEMPATH\CodeIgniter.php(509): CodeIgniter\CodeIgniter->runController()
 4 SYSTEMPATH\CodeIgniter.php(355): CodeIgniter\CodeIgniter->handleRequest()
 5 SYSTEMPATH\Boot.php(325): CodeIgniter\CodeIgniter->run()
 6 SYSTEMPATH\Boot.php(67): CodeIgniter\Boot::runCodeIgniter()
 7 FCPATH\index.php(56): CodeIgniter\Boot::bootWeb()
 8 SYSTEMPATH\rewrite.php(44): require_once('C:\\xampp\\htdocs\\gestion_examens\\public\\index.php')
CRITICAL - 2025-01-15 21:14:18 --> ErrorException: Trying to access array offset on value of type null
[Method: POST, Route: Login/authenticate]
in APPPATH\Controllers\Login.php on line 26.
 1 APPPATH\Controllers\Login.php(26): CodeIgniter\Debug\Exceptions->errorHandler()
 2 SYSTEMPATH\CodeIgniter.php(933): App\Controllers\Login->authenticate()
 3 SYSTEMPATH\CodeIgniter.php(509): CodeIgniter\CodeIgniter->runController()
 4 SYSTEMPATH\CodeIgniter.php(355): CodeIgniter\CodeIgniter->handleRequest()
 5 SYSTEMPATH\Boot.php(325): CodeIgniter\CodeIgniter->run()
 6 SYSTEMPATH\Boot.php(67): CodeIgniter\Boot::runCodeIgniter()
 7 FCPATH\index.php(56): CodeIgniter\Boot::bootWeb()
 8 SYSTEMPATH\rewrite.php(44): require_once('C:\\xampp\\htdocs\\gestion_examens\\public\\index.php')
